2017/11/11 11:30:06 [http.go:81][D] POST /api/v1/clusters/c2a523625ba526a7/namespaces/huangjia/apps HTTP/1.1
Host: 127.0.0.1:9090
Accept: */*
Accept-Encoding: gzip, deflate
Cache-Control: no-cache
Connection: keep-alive
Content-Length: 375
Content-Type: application/json
Cookie: tenxcloud-api-server=1c18444112b12b27242728fcc11868a3
Postman-Token: 562cd3ef-bf7a-433f-8293-4c2a4e2d29dc
User-Agent: PostmanRuntime/6.1.6

{
         "nmae": "nginx",
         "nameSpace": "huangjia",
         "description": "test app",
         "services": [
             {
                 "name": "demo",
                 "image": "nginx:latest",
                 "instanceCount": 1,
                 "type": 0,
                 "cpu": "256m",
                 "memory": "256Mi"
             }
         ]
     }
2017/11/11 11:30:06 [http.go:85][D] incoming POST /api/v1/clusters/c2a523625ba526a7/namespaces/huangjia/apps request from 127.0.0.1:9090
2017/11/11 11:30:07 [http.go:137][D] outcoming response to  127.0.0.1:9090 POST /api/v1/clusters/c2a523625ba526a7/namespaces/huangjia/apps 500 105.882404ms
2017/11/11 11:31:28 [http.go:81][D] POST /api/v1/clusters/c2a523625ba526a7/namespaces/huangjia/apps HTTP/1.1
Host: 127.0.0.1:9090
Accept: */*
Accept-Encoding: gzip, deflate
Cache-Control: no-cache
Connection: keep-alive
Content-Length: 375
Content-Type: application/json
Cookie: tenxcloud-api-server=1c18444112b12b27242728fcc11868a3
Postman-Token: f94e6668-370f-45a0-9f26-3a7c206212a9
User-Agent: PostmanRuntime/6.1.6

{
         "nmae": "nginx",
         "nameSpace": "huangjia",
         "description": "test app",
         "services": [
             {
                 "name": "demo",
                 "image": "nginx:latest",
                 "instanceCount": 1,
                 "type": 0,
                 "cpu": "256m",
                 "memory": "256Mi"
             }
         ]
     }
2017/11/11 11:31:28 [http.go:85][D] incoming POST /api/v1/clusters/c2a523625ba526a7/namespaces/huangjia/apps request from 127.0.0.1:9090
2017/11/11 11:31:28 [http.go:137][D] outcoming response to  127.0.0.1:9090 POST /api/v1/clusters/c2a523625ba526a7/namespaces/huangjia/apps 500 114.96572ms
2017/11/24 19:32:34 [interface.go:268][D] deployment is  []
2017/11/25 10:30:27 [app.go:31][D] 
2017/11/25 10:35:10 [app.go:31][D] nginx
2017/11/25 10:39:16 [interface.go:292][D] []
2017/11/25 10:42:29 [interface.go:292][D] []
2017/11/25 10:44:11 [interface.go:292][D] []
2017/11/25 10:45:49 [interface.go:288][D] minipaas.io/appName=demo
2017/11/25 10:45:49 [interface.go:293][D] []
2017/11/25 10:46:13 [interface.go:288][D] minipaas.io/appName=nginx
2017/11/25 10:46:14 [interface.go:293][D] [{{ } {demo  huangjia /apis/extensions/v1beta1/namespaces/huangjia/deployments/demo 1f574ee6-b92d-11e7-a6cf-525410406eaa 4274342 1 2017-10-25 10:35:10 +0800 CST <nil> <nil> map[minipaas.io/appName:nginx minipaas.io/name:demo minipaas.io/serviceName:demo replicas:1] map[deployment.kubernetes.io/revision:1] [] nil [] } {0xc420464f5c &LabelSelector{MatchLabels:map[string]string{minipaas.io/appName: nginx,minipaas.io/name: demo,minipaas.io/serviceName: demo,replicas: 1,},MatchExpressions:[],} {{      0 0001-01-01 00:00:00 +0000 UTC <nil> <nil> map[minipaas.io/appName:nginx minipaas.io/name:demo minipaas.io/serviceName:demo replicas:1] map[] [] nil [] } {[] [] [{demo nginx:latest [] []  [{ 0 80 TCP }] [] [] {map[cpu:{{256 -3} {<nil>} 256m DecimalSI} memory:{{268435456 0} {<nil>}  BinarySI}] map[cpu:{{256 -3} {<nil>} 256m DecimalSI} memory:{{268435456 0} {<nil>}  BinarySI}]} [] nil nil nil /dev/termination-log File IfNotPresent nil false false false}] Always 0xc420465b88 <nil> ClusterFirst map[]   <nil>  false false false &PodSecurityContext{SELinuxOptions:nil,RunAsUser:nil,RunAsNonRoot:nil,SupplementalGroups:[],FSGroup:nil,} []   nil default-scheduler [] []  <nil>}} {RollingUpdate &RollingUpdateDeployment{MaxUnavailable:25%!,(MISSING)MaxSurge:25%!,(MISSING)}} 0 0xc420465c30 false nil 0xc420465c34} {1 1 1 1 1 0 [{Available True 2017-10-25 10:35:12 +0800 CST 2017-10-25 10:35:12 +0800 CST MinimumReplicasAvailable Deployment has minimum availability.} {Progressing True 2017-10-25 10:35:12 +0800 CST 2017-10-25 10:35:10 +0800 CST NewReplicaSetAvailable ReplicaSet "demo-3228729289" has successfully progressed.}] <nil>}}]
2017/11/25 14:21:37 [interface.go:288][D] minipaas.io/appName=nginx
2017/11/25 14:21:37 [interface.go:293][D] [{{ } {demo  huangjia /apis/extensions/v1beta1/namespaces/huangjia/deployments/demo 00d1ac50-b92f-11e7-a6cf-525410406eaa 4276719 3 2017-10-25 10:48:38 +0800 CST <nil> <nil> map[minipaas.io/appName:nginx minipaas.io/name:demo minipaas.io/serviceName:demo replicas:1] map[deployment.kubernetes.io/revision:1] [] nil [] } {0xc4204a132c &LabelSelector{MatchLabels:map[string]string{minipaas.io/appName: nginx,minipaas.io/name: demo,minipaas.io/serviceName: demo,replicas: 1,},MatchExpressions:[],} {{      0 0001-01-01 00:00:00 +0000 UTC <nil> <nil> map[replicas:1 minipaas.io/appName:nginx minipaas.io/name:demo minipaas.io/serviceName:demo] map[] [] nil [] } {[] [] [{demo nginx:latest [] []  [{ 0 80 TCP }] [] [] {map[cpu:{{256 -3} {<nil>} 256m DecimalSI} memory:{{268435456 0} {<nil>}  BinarySI}] map[cpu:{{256 -3} {<nil>} 256m DecimalSI} memory:{{268435456 0} {<nil>}  BinarySI}]} [] nil nil nil /dev/termination-log File IfNotPresent nil false false false}] Always 0xc4204a19c8 <nil> ClusterFirst map[]   <nil>  false false false &PodSecurityContext{SELinuxOptions:nil,RunAsUser:nil,RunAsNonRoot:nil,SupplementalGroups:[],FSGroup:nil,} []   nil default-scheduler [] []  <nil>}} {RollingUpdate &RollingUpdateDeployment{MaxUnavailable:25%!,(MISSING)MaxSurge:25%!,(MISSING)}} 0 0xc4204a1b80 false nil 0xc4204a1b84} {3 1 1 1 1 0 [{Progressing True 2017-10-25 10:48:40 +0800 CST 2017-10-25 10:48:38 +0800 CST NewReplicaSetAvailable ReplicaSet "demo-3228729289" has successfully progressed.} {Available True 2017-10-25 11:06:12 +0800 CST 2017-10-25 11:06:12 +0800 CST MinimumReplicasAvailable Deployment has minimum availability.}] <nil>}}]
2017/11/25 16:49:20 [configmap.go:77][D] 1234567890
2017/11/25 17:09:20 [interface.go:292][D] minipaas.io/appName=nginx
2017/11/25 17:09:20 [interface.go:297][D] [{{ } {demo  huangjia /apis/extensions/v1beta1/namespaces/huangjia/deployments/demo f7c1fa5d-b94c-11e7-a6cf-525410406eaa 4291473 3 2017-10-25 14:23:08 +0800 CST <nil> <nil> map[minipaas.io/appName:nginx minipaas.io/name:demo minipaas.io/serviceName:demo replicas:1] map[deployment.kubernetes.io/revision:1] [] nil [] } {0xc4203ab774 &LabelSelector{MatchLabels:map[string]string{minipaas.io/appName: nginx,minipaas.io/name: demo,minipaas.io/serviceName: demo,replicas: 1,},MatchExpressions:[],} {{      0 0001-01-01 00:00:00 +0000 UTC <nil> <nil> map[minipaas.io/appName:nginx minipaas.io/name:demo minipaas.io/serviceName:demo replicas:1] map[] [] nil [] } {[] [] [{demo nginx:latest [] []  [{ 0 80 TCP }] [] [] {map[cpu:{{256 -3} {<nil>} 256m DecimalSI} memory:{{268435456 0} {<nil>}  BinarySI}] map[cpu:{{256 -3} {<nil>} 256m DecimalSI} memory:{{268435456 0} {<nil>}  BinarySI}]} [] nil nil nil /dev/termination-log File IfNotPresent nil false false false}] Always 0xc4203abf88 <nil> ClusterFirst map[]   <nil>  false false false &PodSecurityContext{SELinuxOptions:nil,RunAsUser:nil,RunAsNonRoot:nil,SupplementalGroups:[],FSGroup:nil,} []   nil default-scheduler [] []  <nil>}} {RollingUpdate &RollingUpdateDeployment{MaxUnavailable:25%!,(MISSING)MaxSurge:25%!,(MISSING)}} 0 0xc42013f6c0 false nil 0xc42013f6c4} {3 1 1 1 1 0 [{Progressing True 2017-10-25 14:23:11 +0800 CST 2017-10-25 14:23:08 +0800 CST NewReplicaSetAvailable ReplicaSet "demo-3228729289" has successfully progressed.} {Available True 2017-10-25 14:25:21 +0800 CST 2017-10-25 14:25:21 +0800 CST MinimumReplicasAvailable Deployment has minimum availability.}] <nil>}}]
2017/11/30 16:00:32 [container.go:128][D] invalid character 'i' in literal false (expecting 'l')
2017/11/30 16:02:29 [container.go:130][D] failed to get container "/kubepods" with error: unknown container "/kubepods"

2017/11/30 16:02:29 [container.go:134][D] EOF
