2017/11/11 10:31:12 [server.go:55][I] starting apiserver and listen on : 0.0.0.0:9090
2017/11/11 10:40:46 [server.go:57][I] starting apiserver and listen on : 0.0.0.0:9090
2017/11/11 10:41:36 [server.go:57][I] starting apiserver and listen on : 0.0.0.0:9090
2017/11/11 10:50:49 [server.go:57][I] starting apiserver and listen on : 0.0.0.0:9090
2017/11/11 10:52:41 [server.go:59][I] starting apiserver and listen on : 0.0.0.0:9090
2017/11/11 11:05:27 [server.go:59][I] starting apiserver and listen on : 0.0.0.0:9090
2017/11/11 11:10:12 [server.go:59][I] starting apiserver and listen on : 0.0.0.0:9090
2017/11/11 11:29:44 [server.go:59][I] starting apiserver and listen on : 0.0.0.0:9090
2017/11/11 11:31:22 [server.go:59][I] starting apiserver and listen on : 0.0.0.0:9090
2017/11/11 11:42:43 [server.go:59][I] starting apiserver and listen on : 0.0.0.0:9090
2017/11/11 11:42:46 [http.go:82][I] POST /api/v1/clusters/c2a523625ba526a7/namespaces/huangjia/apps HTTP/1.1
Host: 127.0.0.1:9090
Accept: */*
Accept-Encoding: gzip, deflate
Cache-Control: no-cache
Connection: keep-alive
Content-Length: 375
Content-Type: application/json
Cookie: tenxcloud-api-server=1c18444112b12b27242728fcc11868a3
Postman-Token: 148a8878-7bd2-4318-b8f9-d2bedb088445
User-Agent: PostmanRuntime/6.1.6

{
         "nmae": "nginx",
         "nameSpace": "huangjia",
         "description": "test app",
         "services": [
             {
                 "name": "demo",
                 "image": "nginx:latest",
                 "instanceCount": 1,
                 "type": 0,
                 "cpu": "256m",
                 "memory": "256Mi"
             }
         ]
     }
2017/11/11 11:42:46 [http.go:90][I] {
         "nmae": "nginx",
         "nameSpace": "huangjia",
         "description": "test app",
         "services": [
             {
                 "name": "demo",
                 "image": "nginx:latest",
                 "instanceCount": 1,
                 "type": 0,
                 "cpu": "256m",
                 "memory": "256Mi"
             }
         ]
     }
2017/11/11 11:42:46 [http.go:93][I] incoming POST /api/v1/clusters/c2a523625ba526a7/namespaces/huangjia/apps request from 127.0.0.1:9090,request body is :{
         "nmae": "nginx",
         "nameSpace": "huangjia",
         "description": "test app",
         "services": [
             {
                 "name": "demo",
                 "image": "nginx:latest",
                 "instanceCount": 1,
                 "type": 0,
                 "cpu": "256m",
                 "memory": "256Mi"
             }
         ]
     }
2017/11/11 11:42:46 [http.go:145][I] outcoming response to  127.0.0.1:9090 POST /api/v1/clusters/c2a523625ba526a7/namespaces/huangjia/apps 400 24.665µs
2017/11/11 13:46:43 [http.go:82][I] POST /api/v1/clusters/c2a523625ba526a7/namespaces/huangjia/apps HTTP/1.1
Host: 127.0.0.1:9090
Accept: */*
Accept-Encoding: gzip, deflate
Cache-Control: no-cache
Connection: keep-alive
Content-Length: 375
Content-Type: application/json
Cookie: tenxcloud-api-server=1c18444112b12b27242728fcc11868a3
Postman-Token: 41dd283a-6cd4-4139-9746-52ca04b71afa
User-Agent: PostmanRuntime/6.1.6

{
         "nmae": "nginx",
         "nameSpace": "huangjia",
         "description": "test app",
         "services": [
             {
                 "name": "demo",
                 "image": "nginx:latest",
                 "instanceCount": 1,
                 "type": 0,
                 "cpu": "256m",
                 "memory": "256Mi"
             }
         ]
     }
2017/11/11 13:46:43 [http.go:90][I] {
         "nmae": "nginx",
         "nameSpace": "huangjia",
         "description": "test app",
         "services": [
             {
                 "name": "demo",
                 "image": "nginx:latest",
                 "instanceCount": 1,
                 "type": 0,
                 "cpu": "256m",
                 "memory": "256Mi"
             }
         ]
     }
2017/11/11 13:46:43 [http.go:93][I] incoming POST /api/v1/clusters/c2a523625ba526a7/namespaces/huangjia/apps request from 127.0.0.1:9090,request body is :{
         "nmae": "nginx",
         "nameSpace": "huangjia",
         "description": "test app",
         "services": [
             {
                 "name": "demo",
                 "image": "nginx:latest",
                 "instanceCount": 1,
                 "type": 0,
                 "cpu": "256m",
                 "memory": "256Mi"
             }
         ]
     }
2017/11/11 13:46:43 [http.go:145][I] outcoming response to  127.0.0.1:9090 POST /api/v1/clusters/c2a523625ba526a7/namespaces/huangjia/apps 400 4.469µs
2017/11/11 13:46:51 [server.go:59][I] starting apiserver and listen on : 0.0.0.0:9090
2017/11/11 13:46:55 [http.go:81][I] POST /api/v1/clusters/c2a523625ba526a7/namespaces/huangjia/apps HTTP/1.1
Host: 127.0.0.1:9090
Accept: */*
Accept-Encoding: gzip, deflate
Cache-Control: no-cache
Connection: keep-alive
Content-Length: 375
Content-Type: application/json
Cookie: tenxcloud-api-server=1c18444112b12b27242728fcc11868a3
Postman-Token: c1bd4e69-9ece-4aad-84ed-30ce458b4bff
User-Agent: PostmanRuntime/6.1.6

{
         "nmae": "nginx",
         "nameSpace": "huangjia",
         "description": "test app",
         "services": [
             {
                 "name": "demo",
                 "image": "nginx:latest",
                 "instanceCount": 1,
                 "type": 0,
                 "cpu": "256m",
                 "memory": "256Mi"
             }
         ]
     }
2017/11/11 13:46:55 [http.go:85][I] incoming POST /api/v1/clusters/c2a523625ba526a7/namespaces/huangjia/apps request from 127.0.0.1:9090
2017/11/11 13:46:55 [http.go:137][I] outcoming response to  127.0.0.1:9090 POST /api/v1/clusters/c2a523625ba526a7/namespaces/huangjia/apps 500 85.071847ms
2017/11/11 14:06:03 [http.go:81][I] POST /api/v1/clusters/c2a523625ba526a7/namespaces/huangjia/apps HTTP/1.1
Host: 127.0.0.1:9090
Accept: */*
Accept-Encoding: gzip, deflate
Cache-Control: no-cache
Connection: keep-alive
Content-Length: 375
Content-Type: application/json
Cookie: tenxcloud-api-server=1c18444112b12b27242728fcc11868a3
Postman-Token: 416d157e-f287-4689-9438-dde20aebad75
User-Agent: PostmanRuntime/6.1.6

{
         "nmae": "nginx",
         "nameSpace": "huangjia",
         "description": "test app",
         "services": [
             {
                 "name": "demo",
                 "image": "nginx:latest",
                 "instanceCount": 1,
                 "type": 0,
                 "cpu": "256m",
                 "memory": "256Mi"
             }
         ]
     }
2017/11/11 14:06:03 [http.go:85][I] incoming POST /api/v1/clusters/c2a523625ba526a7/namespaces/huangjia/apps request from 127.0.0.1:9090
2017/11/11 14:06:04 [http.go:137][I] outcoming response to  127.0.0.1:9090 POST /api/v1/clusters/c2a523625ba526a7/namespaces/huangjia/apps 201 54.47332ms
2017/11/11 14:12:45 [server.go:59][I] starting apiserver and listen on : 0.0.0.0:9090
2017/11/11 14:12:49 [http.go:81][I] POST /api/v1/clusters/c2a523625ba526a7/namespaces/huangjia/apps HTTP/1.1
Host: 127.0.0.1:9090
Accept: */*
Accept-Encoding: gzip, deflate
Cache-Control: no-cache
Connection: keep-alive
Content-Length: 375
Content-Type: application/json
Cookie: tenxcloud-api-server=1c18444112b12b27242728fcc11868a3
Postman-Token: 1f55faf9-83b8-4e6f-acd6-80e3f8f60005
User-Agent: PostmanRuntime/6.1.6

{
         "nmae": "nginx",
         "nameSpace": "huangjia",
         "description": "test app",
         "services": [
             {
                 "name": "demo",
                 "image": "nginx:latest",
                 "instanceCount": 1,
                 "type": 0,
                 "cpu": "256m",
                 "memory": "256Mi"
             }
         ]
     }
2017/11/11 14:12:49 [http.go:85][I] incoming POST /api/v1/clusters/c2a523625ba526a7/namespaces/huangjia/apps request from 127.0.0.1:9090
2017/11/11 14:12:49 [http.go:137][I] outcoming response to  127.0.0.1:9090 POST /api/v1/clusters/c2a523625ba526a7/namespaces/huangjia/apps 201 128.809441ms
2017/11/11 14:57:26 [server.go:59][I] starting apiserver and listen on : 0.0.0.0:9090
2017/11/11 14:57:31 [http.go:81][I] POST /api/v1/clusters/c2a523625ba526a7/namespaces/huangjia/apps HTTP/1.1
Host: 127.0.0.1:9090
Accept: */*
Accept-Encoding: gzip, deflate
Cache-Control: no-cache
Connection: keep-alive
Content-Length: 375
Content-Type: application/json
Cookie: tenxcloud-api-server=1c18444112b12b27242728fcc11868a3
Postman-Token: 9a32041e-279d-49fa-ac14-fa40afda377e
User-Agent: PostmanRuntime/6.1.6

{
         "nmae": "nginx",
         "nameSpace": "huangjia",
         "description": "test app",
         "services": [
             {
                 "name": "demo",
                 "image": "nginx:latest",
                 "instanceCount": 1,
                 "type": 0,
                 "cpu": "256m",
                 "memory": "256Mi"
             }
         ]
     }
2017/11/11 14:57:31 [http.go:85][I] incoming POST /api/v1/clusters/c2a523625ba526a7/namespaces/huangjia/apps request from 127.0.0.1:9090
2017/11/11 14:57:31 [http.go:137][I] outcoming response to  127.0.0.1:9090 POST /api/v1/clusters/c2a523625ba526a7/namespaces/huangjia/apps 500 96.319812ms
2017/11/11 15:00:53 [server.go:59][I] starting apiserver and listen on : 0.0.0.0:9090
2017/11/11 15:03:03 [http.go:81][I] POST /api/v1/clusters/c2a523625ba526a7/namespaces/huangjia/apps HTTP/1.1
Host: 127.0.0.1:9090
Accept: */*
Accept-Encoding: gzip, deflate
Cache-Control: no-cache
Connection: keep-alive
Content-Length: 375
Content-Type: application/json
Cookie: tenxcloud-api-server=1c18444112b12b27242728fcc11868a3
Postman-Token: 43bd7e6b-1437-404e-823c-5931a01ddc4c
User-Agent: PostmanRuntime/6.1.6

{
         "nmae": "nginx",
         "nameSpace": "huangjia",
         "description": "test app",
         "services": [
             {
                 "name": "demo",
                 "image": "nginx:latest",
                 "instanceCount": 1,
                 "type": 0,
                 "cpu": "256m",
                 "memory": "256Mi"
             }
         ]
     }
2017/11/11 15:03:03 [http.go:85][I] incoming POST /api/v1/clusters/c2a523625ba526a7/namespaces/huangjia/apps request from 127.0.0.1:9090
2017/11/11 15:03:06 [http.go:137][I] outcoming response to  127.0.0.1:9090 POST /api/v1/clusters/c2a523625ba526a7/namespaces/huangjia/apps 500 3.139483259s
2017/11/11 15:47:22 [http.go:81][I] POST /api/v1/clusters/c2a523625ba526a7/namespaces/huangjia/apps HTTP/1.1
Host: 127.0.0.1:9090
Accept: */*
Accept-Encoding: gzip, deflate
Cache-Control: no-cache
Connection: keep-alive
Content-Length: 586
Content-Type: application/json
Cookie: tenxcloud-api-server=1c18444112b12b27242728fcc11868a3
Postman-Token: 249eccc9-251a-419c-baaa-ca31dcd5f5ae
User-Agent: PostmanRuntime/6.1.6

{
         "nmae": "nginx",
         "nameSpace": "huangjia",
         "description": "test app",
         "services": [
             {
                 "name": "demo",
                 "image": "nginx:latest",
                 "instanceCount": 1,
                 "type": 0,
                 "cpu": "256m",
                 "memory": "256Mi",
                 "ports": [
                    {
                        "port": 80,
                        "protocol": "TCP",
                        "targetPort": 80
                    }
                ]
             }
         ]
     }
2017/11/11 15:47:22 [http.go:85][I] incoming POST /api/v1/clusters/c2a523625ba526a7/namespaces/huangjia/apps request from 127.0.0.1:9090
2017/11/11 15:47:22 [http.go:137][I] outcoming response to  127.0.0.1:9090 POST /api/v1/clusters/c2a523625ba526a7/namespaces/huangjia/apps 201 70.598078ms
2017/11/16 20:24:28 [server.go:59][I] starting apiserver and listen on : 0.0.0.0:9090
2017/11/16 20:35:16 [http.go:81][I] POST /api/v1/clusters/c2a523625ba526a7/namespaces/huangjia/apps HTTP/1.1
Host: 127.0.0.1:9090
Accept: */*
Accept-Encoding: gzip, deflate
Cache-Control: no-cache
Connection: keep-alive
Content-Length: 375
Content-Type: application/json
Cookie: tenxcloud-api-server=1c18444112b12b27242728fcc11868a3
Postman-Token: f082112c-2f00-4b34-9747-3b677581bac9
User-Agent: PostmanRuntime/6.1.6

{
         "nmae": "nginx",
         "nameSpace": "huangjia",
         "description": "test app",
         "services": [
             {
                 "name": "demo",
                 "image": "nginx:latest",
                 "instanceCount": 1,
                 "type": 0,
                 "cpu": "256m",
                 "memory": "256Mi"
             }
         ]
     }
2017/11/16 20:35:16 [http.go:85][I] incoming POST /api/v1/clusters/c2a523625ba526a7/namespaces/huangjia/apps request from 127.0.0.1:9090
2017/11/16 20:35:19 [http.go:137][I] outcoming response to  127.0.0.1:9090 POST /api/v1/clusters/c2a523625ba526a7/namespaces/huangjia/apps 500 3.01084223s
2017/11/16 20:39:11 [http.go:81][I] POST /api/v1/clusters/c2a523625ba526a7/namespaces/huangjia/apps HTTP/1.1
Host: 127.0.0.1:9090
Accept: */*
Accept-Encoding: gzip, deflate
Cache-Control: no-cache
Connection: keep-alive
Content-Length: 375
Content-Type: application/json
Cookie: tenxcloud-api-server=1c18444112b12b27242728fcc11868a3
Postman-Token: 3a636776-cba7-4f9f-be91-4ebbd17c63a4
User-Agent: PostmanRuntime/6.1.6

{
  "nmae": "nginx",
  "nameSpace": "huangjia",
  "description": "test app",
  "services": [
    {
      "name": "demo",
      "image": "nginx:latest",
      "instanceCount": 1,
      "type": 0,
      "cpu": "256m",
      "memory": "256Mi",
      "ports": [
        {
          "protocol": "TCP",
          "port": 80,
          "targetPort": 80
        }
      ]
    }
  ]
}
2017/11/16 20:39:11 [http.go:85][I] incoming POST /api/v1/clusters/c2a523625ba526a7/namespaces/huangjia/apps request from 127.0.0.1:9090
2017/11/16 20:39:12 [http.go:137][I] outcoming response to  127.0.0.1:9090 POST /api/v1/clusters/c2a523625ba526a7/namespaces/huangjia/apps 500 536.54124ms
2017/11/16 20:40:25 [http.go:81][I] POST /api/v1/clusters/c2a523625ba526a7/namespaces/huangjia/apps HTTP/1.1
Host: 127.0.0.1:9090
Accept: */*
Accept-Encoding: gzip, deflate
Cache-Control: no-cache
Connection: keep-alive
Content-Length: 375
Content-Type: application/json
Cookie: tenxcloud-api-server=1c18444112b12b27242728fcc11868a3
Postman-Token: 297ad1ae-8899-499d-beef-4dfb8e5e121f
User-Agent: PostmanRuntime/6.1.6

{
  "nmae": "nginx",
  "nameSpace": "huangjia",
  "description": "test app",
  "services": [
    {
      "name": "demo",
      "image": "nginx:latest",
      "instanceCount": 1,
      "type": 0,
      "cpu": "256m",
      "memory": "256Mi",
      "ports": [
        {
          "protocol": "TCP",
          "port": 80,
          "targetPort": 80
        }
      ]
    }
  ]
}
2017/11/16 20:40:25 [http.go:85][I] incoming POST /api/v1/clusters/c2a523625ba526a7/namespaces/huangjia/apps request from 127.0.0.1:9090
2017/11/16 20:40:25 [http.go:137][I] outcoming response to  127.0.0.1:9090 POST /api/v1/clusters/c2a523625ba526a7/namespaces/huangjia/apps 200 738.780943ms
2017/11/16 20:48:41 [server.go:59][I] starting apiserver and listen on : 0.0.0.0:9090
2017/11/24 09:43:29 [server.go:59][I] starting apiserver and listen on : 0.0.0.0:9090
2017/11/24 19:12:14 [server.go:59][I] starting apiserver and listen on : 0.0.0.0:9090
2017/11/24 19:17:54 [server.go:59][I] starting apiserver and listen on : 0.0.0.0:9090
2017/11/24 19:17:58 [http.go:81][I] GET /api/v1/clusters/c2a523625ba526a7/namespaces/huangjia/services HTTP/1.1
Host: 127.0.0.1:9090
Accept: */*
Accept-Encoding: gzip, deflate
Cache-Control: no-cache
Connection: keep-alive
Content-Type: application/json
Cookie: tenxcloud-api-server=7865c2d229584226229e0196a0fe3735
Postman-Token: 0de15a1f-e25e-42f6-a345-ca8c2ee7f3b9
User-Agent: PostmanRuntime/6.1.6


2017/11/24 19:17:58 [http.go:85][I] incoming GET /api/v1/clusters/c2a523625ba526a7/namespaces/huangjia/services request from 127.0.0.1:9090
2017/11/24 19:17:58 [http.go:137][I] outcoming response to  127.0.0.1:9090 GET /api/v1/clusters/c2a523625ba526a7/namespaces/huangjia/services 200 150.83045ms
2017/11/24 19:18:53 [http.go:81][I] POST /api/v1/clusters/c2a523625ba526a7/namespaces/huangjia/apps HTTP/1.1
Host: 127.0.0.1:9090
Accept: */*
Accept-Encoding: gzip, deflate
Cache-Control: no-cache
Connection: keep-alive
Content-Length: 375
Content-Type: application/json
Cookie: tenxcloud-api-server=7865c2d229584226229e0196a0fe3735
Postman-Token: 05e33b56-ae8c-4576-be00-1f86576360b8
User-Agent: PostmanRuntime/6.1.6

{
  "nmae": "nginx",
  "nameSpace": "huangjia",
  "description": "test app",
  "services": [
    {
      "name": "demo",
      "image": "nginx:latest",
      "instanceCount": 1,
      "type": 0,
      "cpu": "256m",
      "memory": "256Mi",
      "ports": [
        {
          "protocol": "TCP",
          "port": 80,
          "targetPort": 80
        }
      ]
    }
  ]
}
2017/11/24 19:18:53 [http.go:85][I] incoming POST /api/v1/clusters/c2a523625ba526a7/namespaces/huangjia/apps request from 127.0.0.1:9090
2017/11/24 19:18:53 [http.go:137][I] outcoming response to  127.0.0.1:9090 POST /api/v1/clusters/c2a523625ba526a7/namespaces/huangjia/apps 500 73.670816ms
2017/11/24 19:19:22 [http.go:81][I] POST /api/v1/clusters/c2a523625ba526a7/namespaces/huangjia/apps HTTP/1.1
Host: 127.0.0.1:9090
Accept: */*
Accept-Encoding: gzip, deflate
Cache-Control: no-cache
Connection: keep-alive
Content-Length: 375
Content-Type: application/json
Cookie: tenxcloud-api-server=7865c2d229584226229e0196a0fe3735
Postman-Token: e97c9497-63ba-4a76-86f9-cc8ec206c0c5
User-Agent: PostmanRuntime/6.1.6

{
  "nmae": "nginx",
  "nameSpace": "huangjia",
  "description": "test app",
  "services": [
    {
      "name": "demo",
      "image": "nginx:latest",
      "instanceCount": 1,
      "type": 0,
      "cpu": "256m",
      "memory": "256Mi",
      "ports": [
        {
          "protocol": "TCP",
          "port": 80,
          "targetPort": 80
        }
      ]
    }
  ]
}
2017/11/24 19:19:22 [http.go:85][I] incoming POST /api/v1/clusters/c2a523625ba526a7/namespaces/huangjia/apps request from 127.0.0.1:9090
2017/11/24 19:19:22 [http.go:137][I] outcoming response to  127.0.0.1:9090 POST /api/v1/clusters/c2a523625ba526a7/namespaces/huangjia/apps 200 67.114902ms
2017/11/24 19:19:46 [http.go:81][I] GET /api/v1/clusters/c2a523625ba526a7/namespaces/huangjia/services HTTP/1.1
Host: 127.0.0.1:9090
Accept: */*
Accept-Encoding: gzip, deflate
Cache-Control: no-cache
Connection: keep-alive
Content-Type: application/json
Cookie: tenxcloud-api-server=7865c2d229584226229e0196a0fe3735
Postman-Token: 69bb99c7-1da8-4b91-a1c3-7403f5de7ebe
User-Agent: PostmanRuntime/6.1.6


2017/11/24 19:19:46 [http.go:85][I] incoming GET /api/v1/clusters/c2a523625ba526a7/namespaces/huangjia/services request from 127.0.0.1:9090
2017/11/24 19:19:47 [http.go:137][I] outcoming response to  127.0.0.1:9090 GET /api/v1/clusters/c2a523625ba526a7/namespaces/huangjia/services 200 51.930991ms
2017/11/24 19:22:07 [server.go:59][I] starting apiserver and listen on : 0.0.0.0:9090
2017/11/24 19:22:49 [server.go:59][I] starting apiserver and listen on : 0.0.0.0:9090
2017/11/24 19:23:21 [http.go:81][I] PUT /api/v1/clusters/c2a523625ba526a7/namespaces/huangjia/services/demo/stop HTTP/1.1
Host: 127.0.0.1:9090
Accept: */*
Accept-Encoding: gzip, deflate
Cache-Control: no-cache
Connection: keep-alive
Content-Length: 375
Content-Type: application/json
Cookie: tenxcloud-api-server=7865c2d229584226229e0196a0fe3735
Postman-Token: bbf9ea1f-f5be-44a1-aa19-0729d1dfb65c
User-Agent: PostmanRuntime/6.1.6

{
         "nmae": "nginx",
         "nameSpace": "huangjia",
         "description": "test app",
         "services": [
             {
                 "name": "demo",
                 "image": "nginx:latest",
                 "instanceCount": 1,
                 "type": 0,
                 "cpu": "256m",
                 "memory": "256Mi"
             }
         ]
     }
2017/11/24 19:23:21 [http.go:85][I] incoming PUT /api/v1/clusters/c2a523625ba526a7/namespaces/huangjia/services/demo/stop request from 127.0.0.1:9090
2017/11/24 19:23:21 [http.go:137][I] outcoming response to  127.0.0.1:9090 PUT /api/v1/clusters/c2a523625ba526a7/namespaces/huangjia/services/demo/stop map[] 200 251.000489ms
2017/11/24 19:25:03 [http.go:81][I] DELETE /api/v1/clusters/c2a523625ba526a7/namespaces/huangjia/apps/demo HTTP/1.1
Host: 127.0.0.1:9090
Accept: */*
Accept-Encoding: gzip, deflate
Cache-Control: no-cache
Connection: keep-alive
Content-Length: 375
Content-Type: application/json
Cookie: tenxcloud-api-server=7865c2d229584226229e0196a0fe3735
Postman-Token: 90825a43-f085-4a3a-b012-42f3923be5d7
User-Agent: PostmanRuntime/6.1.6

{
         "nmae": "nginx",
         "nameSpace": "huangjia",
         "description": "test app",
         "services": [
             {
                 "name": "demo",
                 "image": "nginx:latest",
                 "instanceCount": 1,
                 "type": 0,
                 "cpu": "256m",
                 "memory": "256Mi"
             }
         ]
     }
2017/11/24 19:25:03 [http.go:85][I] incoming DELETE /api/v1/clusters/c2a523625ba526a7/namespaces/huangjia/apps/demo request from 127.0.0.1:9090
2017/11/24 19:25:03 [http.go:137][I] outcoming response to  127.0.0.1:9090 DELETE /api/v1/clusters/c2a523625ba526a7/namespaces/huangjia/apps/demo map[] 200 44.604446ms
2017/11/24 19:29:36 [http.go:81][I] DELETE /api/v1/clusters/c2a523625ba526a7/namespaces/huangjia/apps/demo HTTP/1.1
Host: 127.0.0.1:9090
Accept: */*
Accept-Encoding: gzip, deflate
Cache-Control: no-cache
Connection: keep-alive
Content-Length: 375
Content-Type: application/json
Cookie: tenxcloud-api-server=7865c2d229584226229e0196a0fe3735
Postman-Token: 55cf9c5f-289f-4455-a94f-291e162bb1c6
User-Agent: PostmanRuntime/6.1.6

{
         "nmae": "nginx",
         "nameSpace": "huangjia",
         "description": "test app",
         "services": [
             {
                 "name": "demo",
                 "image": "nginx:latest",
                 "instanceCount": 1,
                 "type": 0,
                 "cpu": "256m",
                 "memory": "256Mi"
             }
         ]
     }
2017/11/24 19:29:36 [http.go:85][I] incoming DELETE /api/v1/clusters/c2a523625ba526a7/namespaces/huangjia/apps/demo request from 127.0.0.1:9090
2017/11/24 19:29:36 [http.go:137][I] outcoming response to  127.0.0.1:9090 DELETE /api/v1/clusters/c2a523625ba526a7/namespaces/huangjia/apps/demo map[] 200 39.176832ms
2017/11/24 19:29:38 [http.go:81][I] DELETE /api/v1/clusters/c2a523625ba526a7/namespaces/huangjia/apps/demo HTTP/1.1
Host: 127.0.0.1:9090
Accept: */*
Accept-Encoding: gzip, deflate
Cache-Control: no-cache
Connection: keep-alive
Content-Length: 375
Content-Type: application/json
Cookie: tenxcloud-api-server=7865c2d229584226229e0196a0fe3735
Postman-Token: fb14fec9-eb16-4379-b105-7f3bdf5291ae
User-Agent: PostmanRuntime/6.1.6

{
         "nmae": "nginx",
         "nameSpace": "huangjia",
         "description": "test app",
         "services": [
             {
                 "name": "demo",
                 "image": "nginx:latest",
                 "instanceCount": 1,
                 "type": 0,
                 "cpu": "256m",
                 "memory": "256Mi"
             }
         ]
     }
2017/11/24 19:29:38 [http.go:85][I] incoming DELETE /api/v1/clusters/c2a523625ba526a7/namespaces/huangjia/apps/demo request from 127.0.0.1:9090
2017/11/24 19:29:38 [http.go:137][I] outcoming response to  127.0.0.1:9090 DELETE /api/v1/clusters/c2a523625ba526a7/namespaces/huangjia/apps/demo map[] 200 41.381947ms
2017/11/24 19:29:39 [http.go:81][I] DELETE /api/v1/clusters/c2a523625ba526a7/namespaces/huangjia/apps/demo HTTP/1.1
Host: 127.0.0.1:9090
Accept: */*
Accept-Encoding: gzip, deflate
Cache-Control: no-cache
Connection: keep-alive
Content-Length: 375
Content-Type: application/json
Cookie: tenxcloud-api-server=7865c2d229584226229e0196a0fe3735
Postman-Token: 95d977a4-015c-4195-b2fb-cd24878cd32c
User-Agent: PostmanRuntime/6.1.6

{
         "nmae": "nginx",
         "nameSpace": "huangjia",
         "description": "test app",
         "services": [
             {
                 "name": "demo",
                 "image": "nginx:latest",
                 "instanceCount": 1,
                 "type": 0,
                 "cpu": "256m",
                 "memory": "256Mi"
             }
         ]
     }
2017/11/24 19:29:39 [http.go:85][I] incoming DELETE /api/v1/clusters/c2a523625ba526a7/namespaces/huangjia/apps/demo request from 127.0.0.1:9090
2017/11/24 19:29:39 [http.go:137][I] outcoming response to  127.0.0.1:9090 DELETE /api/v1/clusters/c2a523625ba526a7/namespaces/huangjia/apps/demo map[] 200 66.8038ms
2017/11/24 19:29:40 [http.go:81][I] DELETE /api/v1/clusters/c2a523625ba526a7/namespaces/huangjia/apps/demo HTTP/1.1
Host: 127.0.0.1:9090
Accept: */*
Accept-Encoding: gzip, deflate
Cache-Control: no-cache
Connection: keep-alive
Content-Length: 375
Content-Type: application/json
Cookie: tenxcloud-api-server=7865c2d229584226229e0196a0fe3735
Postman-Token: bae4aada-5800-4adf-931d-6bbb408cc649
User-Agent: PostmanRuntime/6.1.6

{
         "nmae": "nginx",
         "nameSpace": "huangjia",
         "description": "test app",
         "services": [
             {
                 "name": "demo",
                 "image": "nginx:latest",
                 "instanceCount": 1,
                 "type": 0,
                 "cpu": "256m",
                 "memory": "256Mi"
             }
         ]
     }
2017/11/24 19:29:40 [http.go:85][I] incoming DELETE /api/v1/clusters/c2a523625ba526a7/namespaces/huangjia/apps/demo request from 127.0.0.1:9090
2017/11/24 19:29:40 [http.go:137][I] outcoming response to  127.0.0.1:9090 DELETE /api/v1/clusters/c2a523625ba526a7/namespaces/huangjia/apps/demo map[] 200 65.172835ms
2017/11/24 19:29:40 [http.go:81][I] DELETE /api/v1/clusters/c2a523625ba526a7/namespaces/huangjia/apps/demo HTTP/1.1
Host: 127.0.0.1:9090
Accept: */*
Accept-Encoding: gzip, deflate
Cache-Control: no-cache
Connection: keep-alive
Content-Length: 375
Content-Type: application/json
Cookie: tenxcloud-api-server=7865c2d229584226229e0196a0fe3735
Postman-Token: d6900404-bdc2-4c26-86de-c76586f280ac
User-Agent: PostmanRuntime/6.1.6

{
         "nmae": "nginx",
         "nameSpace": "huangjia",
         "description": "test app",
         "services": [
             {
                 "name": "demo",
                 "image": "nginx:latest",
                 "instanceCount": 1,
                 "type": 0,
                 "cpu": "256m",
                 "memory": "256Mi"
             }
         ]
     }
2017/11/24 19:29:40 [http.go:85][I] incoming DELETE /api/v1/clusters/c2a523625ba526a7/namespaces/huangjia/apps/demo request from 127.0.0.1:9090
2017/11/24 19:29:40 [http.go:137][I] outcoming response to  127.0.0.1:9090 DELETE /api/v1/clusters/c2a523625ba526a7/namespaces/huangjia/apps/demo map[] 200 46.332233ms
2017/11/24 19:29:40 [http.go:81][I] DELETE /api/v1/clusters/c2a523625ba526a7/namespaces/huangjia/apps/demo HTTP/1.1
Host: 127.0.0.1:9090
Accept: */*
Accept-Encoding: gzip, deflate
Cache-Control: no-cache
Connection: keep-alive
Content-Length: 375
Content-Type: application/json
Cookie: tenxcloud-api-server=7865c2d229584226229e0196a0fe3735
Postman-Token: 9621c46f-96da-4fec-87fd-99dffa23d770
User-Agent: PostmanRuntime/6.1.6

{
         "nmae": "nginx",
         "nameSpace": "huangjia",
         "description": "test app",
         "services": [
             {
                 "name": "demo",
                 "image": "nginx:latest",
                 "instanceCount": 1,
                 "type": 0,
                 "cpu": "256m",
                 "memory": "256Mi"
             }
         ]
     }
2017/11/24 19:29:40 [http.go:85][I] incoming DELETE /api/v1/clusters/c2a523625ba526a7/namespaces/huangjia/apps/demo request from 127.0.0.1:9090
2017/11/24 19:29:40 [http.go:137][I] outcoming response to  127.0.0.1:9090 DELETE /api/v1/clusters/c2a523625ba526a7/namespaces/huangjia/apps/demo map[] 200 47.573231ms
2017/11/24 19:29:40 [http.go:81][I] DELETE /api/v1/clusters/c2a523625ba526a7/namespaces/huangjia/apps/demo HTTP/1.1
Host: 127.0.0.1:9090
Accept: */*
Accept-Encoding: gzip, deflate
Cache-Control: no-cache
Connection: keep-alive
Content-Length: 375
Content-Type: application/json
Cookie: tenxcloud-api-server=7865c2d229584226229e0196a0fe3735
Postman-Token: 7a4a65df-3d11-410b-9952-0986709c43c6
User-Agent: PostmanRuntime/6.1.6

{
         "nmae": "nginx",
         "nameSpace": "huangjia",
         "description": "test app",
         "services": [
             {
                 "name": "demo",
                 "image": "nginx:latest",
                 "instanceCount": 1,
                 "type": 0,
                 "cpu": "256m",
                 "memory": "256Mi"
             }
         ]
     }
2017/11/24 19:29:40 [http.go:85][I] incoming DELETE /api/v1/clusters/c2a523625ba526a7/namespaces/huangjia/apps/demo request from 127.0.0.1:9090
2017/11/24 19:29:40 [http.go:137][I] outcoming response to  127.0.0.1:9090 DELETE /api/v1/clusters/c2a523625ba526a7/namespaces/huangjia/apps/demo map[] 200 39.256666ms
2017/11/24 19:29:41 [http.go:81][I] DELETE /api/v1/clusters/c2a523625ba526a7/namespaces/huangjia/apps/demo HTTP/1.1
Host: 127.0.0.1:9090
Accept: */*
Accept-Encoding: gzip, deflate
Cache-Control: no-cache
Connection: keep-alive
Content-Length: 375
Content-Type: application/json
Cookie: tenxcloud-api-server=7865c2d229584226229e0196a0fe3735
Postman-Token: 5d39ac32-3cb1-4b21-b32d-c0e937a98364
User-Agent: PostmanRuntime/6.1.6

{
         "nmae": "nginx",
         "nameSpace": "huangjia",
         "description": "test app",
         "services": [
             {
                 "name": "demo",
                 "image": "nginx:latest",
                 "instanceCount": 1,
                 "type": 0,
                 "cpu": "256m",
                 "memory": "256Mi"
             }
         ]
     }
2017/11/24 19:29:41 [http.go:85][I] incoming DELETE /api/v1/clusters/c2a523625ba526a7/namespaces/huangjia/apps/demo request from 127.0.0.1:9090
2017/11/24 19:29:41 [http.go:137][I] outcoming response to  127.0.0.1:9090 DELETE /api/v1/clusters/c2a523625ba526a7/namespaces/huangjia/apps/demo map[] 200 41.642568ms
2017/11/24 19:29:41 [http.go:81][I] DELETE /api/v1/clusters/c2a523625ba526a7/namespaces/huangjia/apps/demo HTTP/1.1
Host: 127.0.0.1:9090
Accept: */*
Accept-Encoding: gzip, deflate
Cache-Control: no-cache
Connection: keep-alive
Content-Length: 375
Content-Type: application/json
Cookie: tenxcloud-api-server=7865c2d229584226229e0196a0fe3735
Postman-Token: bcb5ecb1-c431-43fe-a3c5-575439aa2edc
User-Agent: PostmanRuntime/6.1.6

{
         "nmae": "nginx",
         "nameSpace": "huangjia",
         "description": "test app",
         "services": [
             {
                 "name": "demo",
                 "image": "nginx:latest",
                 "instanceCount": 1,
                 "type": 0,
                 "cpu": "256m",
                 "memory": "256Mi"
             }
         ]
     }
2017/11/24 19:29:41 [http.go:85][I] incoming DELETE /api/v1/clusters/c2a523625ba526a7/namespaces/huangjia/apps/demo request from 127.0.0.1:9090
2017/11/24 19:29:41 [http.go:137][I] outcoming response to  127.0.0.1:9090 DELETE /api/v1/clusters/c2a523625ba526a7/namespaces/huangjia/apps/demo map[] 200 43.18908ms
2017/11/24 19:29:41 [http.go:81][I] DELETE /api/v1/clusters/c2a523625ba526a7/namespaces/huangjia/apps/demo HTTP/1.1
Host: 127.0.0.1:9090
Accept: */*
Accept-Encoding: gzip, deflate
Cache-Control: no-cache
Connection: keep-alive
Content-Length: 375
Content-Type: application/json
Cookie: tenxcloud-api-server=7865c2d229584226229e0196a0fe3735
Postman-Token: a2a9a482-8ab1-443f-8d76-a26e550e9919
User-Agent: PostmanRuntime/6.1.6

{
         "nmae": "nginx",
         "nameSpace": "huangjia",
         "description": "test app",
         "services": [
             {
                 "name": "demo",
                 "image": "nginx:latest",
                 "instanceCount": 1,
                 "type": 0,
                 "cpu": "256m",
                 "memory": "256Mi"
             }
         ]
     }
2017/11/24 19:29:41 [http.go:85][I] incoming DELETE /api/v1/clusters/c2a523625ba526a7/namespaces/huangjia/apps/demo request from 127.0.0.1:9090
2017/11/24 19:29:41 [http.go:137][I] outcoming response to  127.0.0.1:9090 DELETE /api/v1/clusters/c2a523625ba526a7/namespaces/huangjia/apps/demo map[] 200 42.417063ms
2017/11/24 19:29:42 [http.go:81][I] DELETE /api/v1/clusters/c2a523625ba526a7/namespaces/huangjia/apps/demo HTTP/1.1
Host: 127.0.0.1:9090
Accept: */*
Accept-Encoding: gzip, deflate
Cache-Control: no-cache
Connection: keep-alive
Content-Length: 375
Content-Type: application/json
Cookie: tenxcloud-api-server=7865c2d229584226229e0196a0fe3735
Postman-Token: 45ba88ed-e52b-4960-b77b-b3b93ee68dc9
User-Agent: PostmanRuntime/6.1.6

{
         "nmae": "nginx",
         "nameSpace": "huangjia",
         "description": "test app",
         "services": [
             {
                 "name": "demo",
                 "image": "nginx:latest",
                 "instanceCount": 1,
                 "type": 0,
                 "cpu": "256m",
                 "memory": "256Mi"
             }
         ]
     }
2017/11/24 19:29:42 [http.go:85][I] incoming DELETE /api/v1/clusters/c2a523625ba526a7/namespaces/huangjia/apps/demo request from 127.0.0.1:9090
2017/11/24 19:29:42 [http.go:137][I] outcoming response to  127.0.0.1:9090 DELETE /api/v1/clusters/c2a523625ba526a7/namespaces/huangjia/apps/demo map[] 200 48.693847ms
2017/11/24 19:29:43 [http.go:81][I] DELETE /api/v1/clusters/c2a523625ba526a7/namespaces/huangjia/apps/demo HTTP/1.1
Host: 127.0.0.1:9090
Accept: */*
Accept-Encoding: gzip, deflate
Cache-Control: no-cache
Connection: keep-alive
Content-Length: 375
Content-Type: application/json
Cookie: tenxcloud-api-server=7865c2d229584226229e0196a0fe3735
Postman-Token: cb7dc15f-fc25-4d0e-9a44-08d843ae8695
User-Agent: PostmanRuntime/6.1.6

{
         "nmae": "nginx",
         "nameSpace": "huangjia",
         "description": "test app",
         "services": [
             {
                 "name": "demo",
                 "image": "nginx:latest",
                 "instanceCount": 1,
                 "type": 0,
                 "cpu": "256m",
                 "memory": "256Mi"
             }
         ]
     }
2017/11/24 19:29:43 [http.go:85][I] incoming DELETE /api/v1/clusters/c2a523625ba526a7/namespaces/huangjia/apps/demo request from 127.0.0.1:9090
2017/11/24 19:29:43 [http.go:137][I] outcoming response to  127.0.0.1:9090 DELETE /api/v1/clusters/c2a523625ba526a7/namespaces/huangjia/apps/demo map[] 200 50.823002ms
2017/11/24 19:29:44 [http.go:81][I] DELETE /api/v1/clusters/c2a523625ba526a7/namespaces/huangjia/apps/demo HTTP/1.1
Host: 127.0.0.1:9090
Accept: */*
Accept-Encoding: gzip, deflate
Cache-Control: no-cache
Connection: keep-alive
Content-Length: 375
Content-Type: application/json
Cookie: tenxcloud-api-server=7865c2d229584226229e0196a0fe3735
Postman-Token: 91808ea5-386e-4c62-bd59-0e05ece535dc
User-Agent: PostmanRuntime/6.1.6

{
         "nmae": "nginx",
         "nameSpace": "huangjia",
         "description": "test app",
         "services": [
             {
                 "name": "demo",
                 "image": "nginx:latest",
                 "instanceCount": 1,
                 "type": 0,
                 "cpu": "256m",
                 "memory": "256Mi"
             }
         ]
     }
2017/11/24 19:29:44 [http.go:85][I] incoming DELETE /api/v1/clusters/c2a523625ba526a7/namespaces/huangjia/apps/demo request from 127.0.0.1:9090
2017/11/24 19:29:44 [http.go:137][I] outcoming response to  127.0.0.1:9090 DELETE /api/v1/clusters/c2a523625ba526a7/namespaces/huangjia/apps/demo map[] 200 47.68141ms
2017/11/24 19:29:44 [http.go:81][I] DELETE /api/v1/clusters/c2a523625ba526a7/namespaces/huangjia/apps/demo HTTP/1.1
Host: 127.0.0.1:9090
Accept: */*
Accept-Encoding: gzip, deflate
Cache-Control: no-cache
Connection: keep-alive
Content-Length: 375
Content-Type: application/json
Cookie: tenxcloud-api-server=7865c2d229584226229e0196a0fe3735
Postman-Token: bd07f00c-c056-481c-9e19-fb71fd10d3c7
User-Agent: PostmanRuntime/6.1.6

{
         "nmae": "nginx",
         "nameSpace": "huangjia",
         "description": "test app",
         "services": [
             {
                 "name": "demo",
                 "image": "nginx:latest",
                 "instanceCount": 1,
                 "type": 0,
                 "cpu": "256m",
                 "memory": "256Mi"
             }
         ]
     }
2017/11/24 19:29:44 [http.go:85][I] incoming DELETE /api/v1/clusters/c2a523625ba526a7/namespaces/huangjia/apps/demo request from 127.0.0.1:9090
2017/11/24 19:29:44 [http.go:137][I] outcoming response to  127.0.0.1:9090 DELETE /api/v1/clusters/c2a523625ba526a7/namespaces/huangjia/apps/demo map[] 200 44.536024ms
2017/11/24 19:32:31 [server.go:59][I] starting apiserver and listen on : 0.0.0.0:9090
2017/11/24 19:32:34 [http.go:81][I] DELETE /api/v1/clusters/c2a523625ba526a7/namespaces/huangjia/apps/demo HTTP/1.1
Host: 127.0.0.1:9090
Accept: */*
Accept-Encoding: gzip, deflate
Cache-Control: no-cache
Connection: keep-alive
Content-Length: 375
Content-Type: application/json
Cookie: tenxcloud-api-server=7865c2d229584226229e0196a0fe3735
Postman-Token: 67a45fe6-ddf6-4784-8396-fb49718025de
User-Agent: PostmanRuntime/6.1.6

{
         "nmae": "nginx",
         "nameSpace": "huangjia",
         "description": "test app",
         "services": [
             {
                 "name": "demo",
                 "image": "nginx:latest",
                 "instanceCount": 1,
                 "type": 0,
                 "cpu": "256m",
                 "memory": "256Mi"
             }
         ]
     }
2017/11/24 19:32:34 [http.go:85][I] incoming DELETE /api/v1/clusters/c2a523625ba526a7/namespaces/huangjia/apps/demo request from 127.0.0.1:9090
2017/11/24 19:32:34 [http.go:137][I] outcoming response to  127.0.0.1:9090 DELETE /api/v1/clusters/c2a523625ba526a7/namespaces/huangjia/apps/demo map[] 200 162.330047ms
2017/11/25 10:19:58 [server.go:60][I] starting apiserver and listen on : 0.0.0.0:9090
2017/11/25 10:24:51 [http.go:81][I] POST /api/v1/clusters/c2a523625ba526a7/namespaces/huangjia/apps HTTP/1.1
Host: 127.0.0.1:9090
Accept: */*
Accept-Encoding: gzip, deflate
Cache-Control: no-cache
Connection: keep-alive
Content-Length: 375
Content-Type: application/json
Cookie: tenxcloud-api-server=7865c2d229584226229e0196a0fe3735
Postman-Token: a2c635c7-1796-4108-b5fc-90c7c5a6eff0
User-Agent: PostmanRuntime/6.1.6

{
  "nmae": "nginx",
  "nameSpace": "huangjia",
  "description": "test app",
  "services": [
    {
      "name": "demo",
      "image": "nginx:latest",
      "instanceCount": 1,
      "type": 0,
      "cpu": "256m",
      "memory": "256Mi",
      "ports": [
        {
          "protocol": "TCP",
          "port": 80,
          "targetPort": 80
        }
      ]
    }
  ]
}
2017/11/25 10:24:51 [http.go:85][I] incoming POST /api/v1/clusters/c2a523625ba526a7/namespaces/huangjia/apps request from 127.0.0.1:9090
2017/11/25 10:24:52 [http.go:137][I] outcoming response to  127.0.0.1:9090 POST /api/v1/clusters/c2a523625ba526a7/namespaces/huangjia/apps 200 327.017635ms
2017/11/25 10:29:34 [server.go:60][I] starting apiserver and listen on : 0.0.0.0:9090
2017/11/25 10:30:27 [http.go:81][I] POST /api/v1/clusters/c2a523625ba526a7/namespaces/huangjia/apps HTTP/1.1
Host: 127.0.0.1:9090
Accept: */*
Accept-Encoding: gzip, deflate
Cache-Control: no-cache
Connection: keep-alive
Content-Length: 375
Content-Type: application/json
Cookie: tenxcloud-api-server=7865c2d229584226229e0196a0fe3735
Postman-Token: 67a71c1d-783f-4f05-a30d-9ec083fd82e4
User-Agent: PostmanRuntime/6.1.6

{
  "nmae": "nginx",
  "nameSpace": "huangjia",
  "description": "test app",
  "services": [
    {
      "name": "demo",
      "image": "nginx:latest",
      "instanceCount": 1,
      "type": 0,
      "cpu": "256m",
      "memory": "256Mi",
      "ports": [
        {
          "protocol": "TCP",
          "port": 80,
          "targetPort": 80
        }
      ]
    }
  ]
}
2017/11/25 10:30:27 [http.go:85][I] incoming POST /api/v1/clusters/c2a523625ba526a7/namespaces/huangjia/apps request from 127.0.0.1:9090
2017/11/25 10:30:27 [http.go:137][I] outcoming response to  127.0.0.1:9090 POST /api/v1/clusters/c2a523625ba526a7/namespaces/huangjia/apps 200 208.541321ms
2017/11/25 10:35:10 [http.go:81][I] POST /api/v1/clusters/c2a523625ba526a7/namespaces/huangjia/apps HTTP/1.1
Host: 127.0.0.1:9090
Accept: */*
Accept-Encoding: gzip, deflate
Cache-Control: no-cache
Connection: keep-alive
Content-Length: 375
Content-Type: application/json
Cookie: tenxcloud-api-server=7865c2d229584226229e0196a0fe3735
Postman-Token: 6b166bdf-b5f9-48c9-9586-e3c3ce779ab0
User-Agent: PostmanRuntime/6.1.6

{
  "name": "nginx",
  "nameSpace": "huangjia",
  "description": "test app",
  "services": [
    {
      "name": "demo",
      "image": "nginx:latest",
      "instanceCount": 1,
      "type": 0,
      "cpu": "256m",
      "memory": "256Mi",
      "ports": [
        {
          "protocol": "TCP",
          "port": 80,
          "targetPort": 80
        }
      ]
    }
  ]
}
2017/11/25 10:35:10 [http.go:85][I] incoming POST /api/v1/clusters/c2a523625ba526a7/namespaces/huangjia/apps request from 127.0.0.1:9090
2017/11/25 10:35:10 [http.go:137][I] outcoming response to  127.0.0.1:9090 POST /api/v1/clusters/c2a523625ba526a7/namespaces/huangjia/apps 200 64.14489ms
2017/11/25 10:35:51 [http.go:81][I] DELETE /api/v1/clusters/c2a523625ba526a7/namespaces/huangjia/apps/demo HTTP/1.1
Host: 127.0.0.1:9090
Accept: */*
Accept-Encoding: gzip, deflate
Cache-Control: no-cache
Connection: keep-alive
Content-Length: 375
Content-Type: application/json
Cookie: tenxcloud-api-server=7865c2d229584226229e0196a0fe3735
Postman-Token: 22e3f64d-3607-4687-9ab4-59bf60df8349
User-Agent: PostmanRuntime/6.1.6

{
  "name": "nginx",
  "nameSpace": "huangjia",
  "description": "test app",
  "services": [
    {
      "name": "demo",
      "image": "nginx:latest",
      "instanceCount": 1,
      "type": 0,
      "cpu": "256m",
      "memory": "256Mi",
      "ports": [
        {
          "protocol": "TCP",
          "port": 80,
          "targetPort": 80
        }
      ]
    }
  ]
}
2017/11/25 10:35:51 [http.go:85][I] incoming DELETE /api/v1/clusters/c2a523625ba526a7/namespaces/huangjia/apps/demo request from 127.0.0.1:9090
2017/11/25 10:35:51 [http.go:137][I] outcoming response to  127.0.0.1:9090 DELETE /api/v1/clusters/c2a523625ba526a7/namespaces/huangjia/apps/demo map[] 200 94.955059ms
2017/11/25 10:39:10 [server.go:60][I] starting apiserver and listen on : 0.0.0.0:9090
2017/11/25 10:39:16 [http.go:81][I] DELETE /api/v1/clusters/c2a523625ba526a7/namespaces/huangjia/apps/demo HTTP/1.1
Host: 127.0.0.1:9090
Accept: */*
Accept-Encoding: gzip, deflate
Cache-Control: no-cache
Connection: keep-alive
Content-Length: 375
Content-Type: application/json
Cookie: tenxcloud-api-server=7865c2d229584226229e0196a0fe3735
Postman-Token: 7520e8b1-303a-44af-be5f-7e5f9eb99089
User-Agent: PostmanRuntime/6.1.6

{
  "name": "nginx",
  "nameSpace": "huangjia",
  "description": "test app",
  "services": [
    {
      "name": "demo",
      "image": "nginx:latest",
      "instanceCount": 1,
      "type": 0,
      "cpu": "256m",
      "memory": "256Mi",
      "ports": [
        {
          "protocol": "TCP",
          "port": 80,
          "targetPort": 80
        }
      ]
    }
  ]
}
2017/11/25 10:39:16 [http.go:85][I] incoming DELETE /api/v1/clusters/c2a523625ba526a7/namespaces/huangjia/apps/demo request from 127.0.0.1:9090
2017/11/25 10:39:16 [http.go:137][I] outcoming response to  127.0.0.1:9090 DELETE /api/v1/clusters/c2a523625ba526a7/namespaces/huangjia/apps/demo map[] 200 151.158556ms
2017/11/25 10:42:27 [server.go:60][I] starting apiserver and listen on : 0.0.0.0:9090
2017/11/25 10:42:29 [http.go:81][I] DELETE /api/v1/clusters/c2a523625ba526a7/namespaces/huangjia/apps/demo HTTP/1.1
Host: 127.0.0.1:9090
Accept: */*
Accept-Encoding: gzip, deflate
Cache-Control: no-cache
Connection: keep-alive
Content-Length: 375
Content-Type: application/json
Cookie: tenxcloud-api-server=7865c2d229584226229e0196a0fe3735
Postman-Token: 98080138-8bfa-41f4-acf9-223dc2c18c60
User-Agent: PostmanRuntime/6.1.6

{
  "name": "nginx",
  "nameSpace": "huangjia",
  "description": "test app",
  "services": [
    {
      "name": "demo",
      "image": "nginx:latest",
      "instanceCount": 1,
      "type": 0,
      "cpu": "256m",
      "memory": "256Mi",
      "ports": [
        {
          "protocol": "TCP",
          "port": 80,
          "targetPort": 80
        }
      ]
    }
  ]
}
2017/11/25 10:42:29 [http.go:85][I] incoming DELETE /api/v1/clusters/c2a523625ba526a7/namespaces/huangjia/apps/demo request from 127.0.0.1:9090
2017/11/25 10:42:29 [http.go:137][I] outcoming response to  127.0.0.1:9090 DELETE /api/v1/clusters/c2a523625ba526a7/namespaces/huangjia/apps/demo map[] 200 201.409441ms
2017/11/25 10:44:11 [http.go:81][I] DELETE /api/v1/clusters/c2a523625ba526a7/namespaces/huangjia/apps/demo HTTP/1.1
Host: 127.0.0.1:9090
Accept: */*
Accept-Encoding: gzip, deflate
Cache-Control: no-cache
Connection: keep-alive
Content-Length: 375
Content-Type: application/json
Cookie: tenxcloud-api-server=7865c2d229584226229e0196a0fe3735
Postman-Token: 25f7c31f-3cd9-4624-afa3-14f064d00c2e
User-Agent: PostmanRuntime/6.1.6

{
  "name": "nginx",
  "nameSpace": "huangjia",
  "description": "test app",
  "services": [
    {
      "name": "demo",
      "image": "nginx:latest",
      "instanceCount": 1,
      "type": 0,
      "cpu": "256m",
      "memory": "256Mi",
      "ports": [
        {
          "protocol": "TCP",
          "port": 80,
          "targetPort": 80
        }
      ]
    }
  ]
}
2017/11/25 10:44:11 [http.go:85][I] incoming DELETE /api/v1/clusters/c2a523625ba526a7/namespaces/huangjia/apps/demo request from 127.0.0.1:9090
2017/11/25 10:44:11 [http.go:137][I] outcoming response to  127.0.0.1:9090 DELETE /api/v1/clusters/c2a523625ba526a7/namespaces/huangjia/apps/demo map[] 200 41.760367ms
2017/11/25 10:45:47 [server.go:60][I] starting apiserver and listen on : 0.0.0.0:9090
2017/11/25 10:45:49 [http.go:81][I] DELETE /api/v1/clusters/c2a523625ba526a7/namespaces/huangjia/apps/demo HTTP/1.1
Host: 127.0.0.1:9090
Accept: */*
Accept-Encoding: gzip, deflate
Cache-Control: no-cache
Connection: keep-alive
Content-Length: 375
Content-Type: application/json
Cookie: tenxcloud-api-server=7865c2d229584226229e0196a0fe3735
Postman-Token: c0e7c9b1-c3a0-41da-985a-d0a0472c25a4
User-Agent: PostmanRuntime/6.1.6

{
  "name": "nginx",
  "nameSpace": "huangjia",
  "description": "test app",
  "services": [
    {
      "name": "demo",
      "image": "nginx:latest",
      "instanceCount": 1,
      "type": 0,
      "cpu": "256m",
      "memory": "256Mi",
      "ports": [
        {
          "protocol": "TCP",
          "port": 80,
          "targetPort": 80
        }
      ]
    }
  ]
}
2017/11/25 10:45:49 [http.go:85][I] incoming DELETE /api/v1/clusters/c2a523625ba526a7/namespaces/huangjia/apps/demo request from 127.0.0.1:9090
2017/11/25 10:45:49 [http.go:137][I] outcoming response to  127.0.0.1:9090 DELETE /api/v1/clusters/c2a523625ba526a7/namespaces/huangjia/apps/demo map[] 200 194.066944ms
2017/11/25 10:46:13 [http.go:81][I] DELETE /api/v1/clusters/c2a523625ba526a7/namespaces/huangjia/apps/nginx HTTP/1.1
Host: 127.0.0.1:9090
Accept: */*
Accept-Encoding: gzip, deflate
Cache-Control: no-cache
Connection: keep-alive
Content-Length: 375
Content-Type: application/json
Cookie: tenxcloud-api-server=7865c2d229584226229e0196a0fe3735
Postman-Token: 8b562dd2-d1c9-493a-b954-c3bc413d9284
User-Agent: PostmanRuntime/6.1.6

{
  "name": "nginx",
  "nameSpace": "huangjia",
  "description": "test app",
  "services": [
    {
      "name": "demo",
      "image": "nginx:latest",
      "instanceCount": 1,
      "type": 0,
      "cpu": "256m",
      "memory": "256Mi",
      "ports": [
        {
          "protocol": "TCP",
          "port": 80,
          "targetPort": 80
        }
      ]
    }
  ]
}
2017/11/25 10:46:13 [http.go:85][I] incoming DELETE /api/v1/clusters/c2a523625ba526a7/namespaces/huangjia/apps/nginx request from 127.0.0.1:9090
2017/11/25 10:46:14 [http.go:137][I] outcoming response to  127.0.0.1:9090 DELETE /api/v1/clusters/c2a523625ba526a7/namespaces/huangjia/apps/nginx map[] 200 140.450317ms
2017/11/25 10:48:38 [http.go:81][I] POST /api/v1/clusters/c2a523625ba526a7/namespaces/huangjia/apps HTTP/1.1
Host: 127.0.0.1:9090
Accept: */*
Accept-Encoding: gzip, deflate
Cache-Control: no-cache
Connection: keep-alive
Content-Length: 375
Content-Type: application/json
Cookie: tenxcloud-api-server=7865c2d229584226229e0196a0fe3735
Postman-Token: 3e4d1de0-7497-4061-afd9-a6573e7a96b5
User-Agent: PostmanRuntime/6.1.6

{
  "name": "nginx",
  "nameSpace": "huangjia",
  "description": "test app",
  "services": [
    {
      "name": "demo",
      "image": "nginx:latest",
      "instanceCount": 1,
      "type": 0,
      "cpu": "256m",
      "memory": "256Mi",
      "ports": [
        {
          "protocol": "TCP",
          "port": 80,
          "targetPort": 80
        }
      ]
    }
  ]
}
2017/11/25 10:48:38 [http.go:85][I] incoming POST /api/v1/clusters/c2a523625ba526a7/namespaces/huangjia/apps request from 127.0.0.1:9090
2017/11/25 10:48:38 [http.go:137][I] outcoming response to  127.0.0.1:9090 POST /api/v1/clusters/c2a523625ba526a7/namespaces/huangjia/apps 200 91.593686ms
2017/11/25 10:50:50 [http.go:81][I] PUT /api/v1/clusters/c2a523625ba526a7/namespaces/huangjia/apps/nginx/stop HTTP/1.1
Host: 127.0.0.1:9090
Accept: */*
Accept-Encoding: gzip, deflate
Cache-Control: no-cache
Connection: keep-alive
Content-Length: 375
Content-Type: application/json
Cookie: tenxcloud-api-server=7865c2d229584226229e0196a0fe3735
Postman-Token: 1d7a8299-4523-45da-8418-057850f9d5b0
User-Agent: PostmanRuntime/6.1.6

{
  "name": "nginx",
  "nameSpace": "huangjia",
  "description": "test app",
  "services": [
    {
      "name": "demo",
      "image": "nginx:latest",
      "instanceCount": 1,
      "type": 0,
      "cpu": "256m",
      "memory": "256Mi",
      "ports": [
        {
          "protocol": "TCP",
          "port": 80,
          "targetPort": 80
        }
      ]
    }
  ]
}
2017/11/25 10:50:50 [http.go:85][I] incoming PUT /api/v1/clusters/c2a523625ba526a7/namespaces/huangjia/apps/nginx/stop request from 127.0.0.1:9090
2017/11/25 10:50:50 [http.go:137][I] outcoming response to  127.0.0.1:9090 PUT /api/v1/clusters/c2a523625ba526a7/namespaces/huangjia/apps/nginx/stop map[] 200 43.306809ms
2017/11/25 10:54:41 [server.go:60][I] starting apiserver and listen on : 0.0.0.0:9090
2017/11/25 10:54:47 [http.go:81][I] PUT /api/v1/clusters/c2a523625ba526a7/namespaces/huangjia/apps/nginx/stop HTTP/1.1
Host: 127.0.0.1:9090
Accept: */*
Accept-Encoding: gzip, deflate
Cache-Control: no-cache
Connection: keep-alive
Content-Length: 375
Content-Type: application/json
Cookie: tenxcloud-api-server=7865c2d229584226229e0196a0fe3735
Postman-Token: f4c86400-0fd6-4807-a13d-dbe2423dd936
User-Agent: PostmanRuntime/6.1.6

{
  "name": "nginx",
  "nameSpace": "huangjia",
  "description": "test app",
  "services": [
    {
      "name": "demo",
      "image": "nginx:latest",
      "instanceCount": 1,
      "type": 0,
      "cpu": "256m",
      "memory": "256Mi",
      "ports": [
        {
          "protocol": "TCP",
          "port": 80,
          "targetPort": 80
        }
      ]
    }
  ]
}
2017/11/25 10:54:47 [http.go:85][I] incoming PUT /api/v1/clusters/c2a523625ba526a7/namespaces/huangjia/apps/nginx/stop request from 127.0.0.1:9090
2017/11/25 10:54:47 [http.go:137][I] outcoming response to  127.0.0.1:9090 PUT /api/v1/clusters/c2a523625ba526a7/namespaces/huangjia/apps/nginx/stop map[] 200 219.610116ms
2017/11/25 10:55:13 [http.go:81][I] PUT /api/v1/clusters/c2a523625ba526a7/namespaces/huangjia/apps/nginx/start HTTP/1.1
Host: 127.0.0.1:9090
Accept: */*
Accept-Encoding: gzip, deflate
Cache-Control: no-cache
Connection: keep-alive
Content-Length: 375
Content-Type: application/json
Cookie: tenxcloud-api-server=7865c2d229584226229e0196a0fe3735
Postman-Token: 7b65286c-97ca-4c74-a0bb-d787e8a68e78
User-Agent: PostmanRuntime/6.1.6

{
  "name": "nginx",
  "nameSpace": "huangjia",
  "description": "test app",
  "services": [
    {
      "name": "demo",
      "image": "nginx:latest",
      "instanceCount": 1,
      "type": 0,
      "cpu": "256m",
      "memory": "256Mi",
      "ports": [
        {
          "protocol": "TCP",
          "port": 80,
          "targetPort": 80
        }
      ]
    }
  ]
}
2017/11/25 10:55:13 [http.go:85][I] incoming PUT /api/v1/clusters/c2a523625ba526a7/namespaces/huangjia/apps/nginx/start request from 127.0.0.1:9090
2017/11/25 10:55:14 [http.go:137][I] outcoming response to  127.0.0.1:9090 PUT /api/v1/clusters/c2a523625ba526a7/namespaces/huangjia/apps/nginx/start map[] 200 99.227274ms
2017/11/25 11:02:26 [http.go:81][I] PUT /api/v1/clusters/c2a523625ba526a7/namespaces/huangjia/apps/nginx/redeploy HTTP/1.1
Host: 127.0.0.1:9090
Accept: */*
Accept-Encoding: gzip, deflate
Cache-Control: no-cache
Connection: keep-alive
Content-Length: 375
Content-Type: application/json
Cookie: tenxcloud-api-server=7865c2d229584226229e0196a0fe3735
Postman-Token: 8b1c401c-46ef-4bfb-80f5-f98540f93b00
User-Agent: PostmanRuntime/6.1.6

{
  "name": "nginx",
  "nameSpace": "huangjia",
  "description": "test app",
  "services": [
    {
      "name": "demo",
      "image": "nginx:latest",
      "instanceCount": 1,
      "type": 0,
      "cpu": "256m",
      "memory": "256Mi",
      "ports": [
        {
          "protocol": "TCP",
          "port": 80,
          "targetPort": 80
        }
      ]
    }
  ]
}
2017/11/25 11:02:26 [http.go:85][I] incoming PUT /api/v1/clusters/c2a523625ba526a7/namespaces/huangjia/apps/nginx/redeploy request from 127.0.0.1:9090
2017/11/25 11:02:26 [http.go:137][I] outcoming response to  127.0.0.1:9090 PUT /api/v1/clusters/c2a523625ba526a7/namespaces/huangjia/apps/nginx/redeploy map[] 200 96.340677ms
2017/11/25 11:05:30 [server.go:60][I] starting apiserver and listen on : 0.0.0.0:9090
2017/11/25 11:05:39 [http.go:81][I] PUT /api/v1/clusters/c2a523625ba526a7/namespaces/huangjia/apps/nginx/redeploy HTTP/1.1
Host: 127.0.0.1:9090
Accept: */*
Accept-Encoding: gzip, deflate
Cache-Control: no-cache
Connection: keep-alive
Content-Length: 375
Content-Type: application/json
Cookie: tenxcloud-api-server=7865c2d229584226229e0196a0fe3735
Postman-Token: c5f5056c-e69a-4e39-80bc-7af63821982e
User-Agent: PostmanRuntime/6.1.6

{
  "name": "nginx",
  "nameSpace": "huangjia",
  "description": "test app",
  "services": [
    {
      "name": "demo",
      "image": "nginx:latest",
      "instanceCount": 1,
      "type": 0,
      "cpu": "256m",
      "memory": "256Mi",
      "ports": [
        {
          "protocol": "TCP",
          "port": 80,
          "targetPort": 80
        }
      ]
    }
  ]
}
2017/11/25 11:05:39 [http.go:85][I] incoming PUT /api/v1/clusters/c2a523625ba526a7/namespaces/huangjia/apps/nginx/redeploy request from 127.0.0.1:9090
2017/11/25 11:05:41 [http.go:137][I] outcoming response to  127.0.0.1:9090 PUT /api/v1/clusters/c2a523625ba526a7/namespaces/huangjia/apps/nginx/redeploy map[] 200 1.304603386s
2017/11/25 11:06:08 [server.go:60][I] starting apiserver and listen on : 0.0.0.0:9090
2017/11/25 11:06:10 [http.go:81][I] PUT /api/v1/clusters/c2a523625ba526a7/namespaces/huangjia/apps/nginx/redeploy HTTP/1.1
Host: 127.0.0.1:9090
Accept: */*
Accept-Encoding: gzip, deflate
Cache-Control: no-cache
Connection: keep-alive
Content-Length: 375
Content-Type: application/json
Cookie: tenxcloud-api-server=7865c2d229584226229e0196a0fe3735
Postman-Token: 4505d5ec-adc4-4a78-8761-82b4e3ebd467
User-Agent: PostmanRuntime/6.1.6

{
  "name": "nginx",
  "nameSpace": "huangjia",
  "description": "test app",
  "services": [
    {
      "name": "demo",
      "image": "nginx:latest",
      "instanceCount": 1,
      "type": 0,
      "cpu": "256m",
      "memory": "256Mi",
      "ports": [
        {
          "protocol": "TCP",
          "port": 80,
          "targetPort": 80
        }
      ]
    }
  ]
}
2017/11/25 11:06:10 [http.go:85][I] incoming PUT /api/v1/clusters/c2a523625ba526a7/namespaces/huangjia/apps/nginx/redeploy request from 127.0.0.1:9090
2017/11/25 11:06:10 [http.go:137][I] outcoming response to  127.0.0.1:9090 PUT /api/v1/clusters/c2a523625ba526a7/namespaces/huangjia/apps/nginx/redeploy map[] 200 782.28ms
2017/11/25 11:53:41 [server.go:60][I] starting apiserver and listen on : 0.0.0.0:9090
2017/11/25 14:21:37 [http.go:81][I] DELETE /api/v1/clusters/c2a523625ba526a7/namespaces/huangjia/apps/nginx HTTP/1.1
Host: 127.0.0.1:9090
Accept: */*
Accept-Encoding: gzip, deflate
Cache-Control: no-cache
Connection: keep-alive
Content-Length: 375
Content-Type: application/json
Cookie: tenxcloud-api-server=7865c2d229584226229e0196a0fe3735
Postman-Token: 1711e53a-a992-479e-a4ce-d3e3c71b06c9
User-Agent: PostmanRuntime/6.1.6

{
  "name": "nginx",
  "nameSpace": "huangjia",
  "description": "test app",
  "services": [
    {
      "name": "demo",
      "image": "nginx:latest",
      "instanceCount": 1,
      "type": 0,
      "cpu": "256m",
      "memory": "256Mi",
      "ports": [
        {
          "protocol": "TCP",
          "port": 80,
          "targetPort": 80
        }
      ]
    }
  ]
}
2017/11/25 14:21:37 [http.go:85][I] incoming DELETE /api/v1/clusters/c2a523625ba526a7/namespaces/huangjia/apps/nginx request from 127.0.0.1:9090
2017/11/25 14:21:37 [http.go:137][I] outcoming response to  127.0.0.1:9090 DELETE /api/v1/clusters/c2a523625ba526a7/namespaces/huangjia/apps/nginx map[] 200 239.101705ms
2017/11/25 14:23:07 [http.go:81][I] POST /api/v1/clusters/c2a523625ba526a7/namespaces/huangjia/apps HTTP/1.1
Host: 127.0.0.1:9090
Accept: */*
Accept-Encoding: gzip, deflate
Cache-Control: no-cache
Connection: keep-alive
Content-Length: 375
Content-Type: application/json
Cookie: tenxcloud-api-server=7865c2d229584226229e0196a0fe3735
Postman-Token: 0867886e-62d7-4714-96f2-1a79b38039f3
User-Agent: PostmanRuntime/6.1.6

{
  "name": "nginx",
  "nameSpace": "huangjia",
  "description": "test app",
  "services": [
    {
      "name": "demo",
      "image": "nginx:latest",
      "instanceCount": 1,
      "type": 0,
      "cpu": "256m",
      "memory": "256Mi",
      "ports": [
        {
          "protocol": "TCP",
          "port": 80,
          "targetPort": 80
        }
      ]
    }
  ]
}
2017/11/25 14:23:07 [http.go:85][I] incoming POST /api/v1/clusters/c2a523625ba526a7/namespaces/huangjia/apps request from 127.0.0.1:9090
2017/11/25 14:23:08 [http.go:137][I] outcoming response to  127.0.0.1:9090 POST /api/v1/clusters/c2a523625ba526a7/namespaces/huangjia/apps 200 165.252945ms
2017/11/25 14:24:15 [http.go:81][I] PUT /api/v1/clusters/c2a523625ba526a7/namespaces/huangjia/services/demo/stop HTTP/1.1
Host: 127.0.0.1:9090
Accept: */*
Accept-Encoding: gzip, deflate
Cache-Control: no-cache
Connection: keep-alive
Content-Length: 375
Content-Type: application/json
Cookie: tenxcloud-api-server=7865c2d229584226229e0196a0fe3735
Postman-Token: e9fd3ac7-da53-4262-810b-f3da8d1aea1f
User-Agent: PostmanRuntime/6.1.6

{
  "name": "nginx",
  "nameSpace": "huangjia",
  "description": "test app",
  "services": [
    {
      "name": "demo",
      "image": "nginx:latest",
      "instanceCount": 1,
      "type": 0,
      "cpu": "256m",
      "memory": "256Mi",
      "ports": [
        {
          "protocol": "TCP",
          "port": 80,
          "targetPort": 80
        }
      ]
    }
  ]
}
2017/11/25 14:24:15 [http.go:85][I] incoming PUT /api/v1/clusters/c2a523625ba526a7/namespaces/huangjia/services/demo/stop request from 127.0.0.1:9090
2017/11/25 14:24:15 [http.go:137][I] outcoming response to  127.0.0.1:9090 PUT /api/v1/clusters/c2a523625ba526a7/namespaces/huangjia/services/demo/stop map[] 200 164.787035ms
2017/11/25 14:24:37 [http.go:81][I] PUT /api/v1/clusters/c2a523625ba526a7/namespaces/huangjia/services/demo/start HTTP/1.1
Host: 127.0.0.1:9090
Accept: */*
Accept-Encoding: gzip, deflate
Cache-Control: no-cache
Connection: keep-alive
Content-Length: 375
Content-Type: application/json
Cookie: tenxcloud-api-server=7865c2d229584226229e0196a0fe3735
Postman-Token: 8cfaccee-730f-4298-b3c6-b200b47f1160
User-Agent: PostmanRuntime/6.1.6

{
  "name": "nginx",
  "nameSpace": "huangjia",
  "description": "test app",
  "services": [
    {
      "name": "demo",
      "image": "nginx:latest",
      "instanceCount": 1,
      "type": 0,
      "cpu": "256m",
      "memory": "256Mi",
      "ports": [
        {
          "protocol": "TCP",
          "port": 80,
          "targetPort": 80
        }
      ]
    }
  ]
}
2017/11/25 14:24:37 [http.go:85][I] incoming PUT /api/v1/clusters/c2a523625ba526a7/namespaces/huangjia/services/demo/start request from 127.0.0.1:9090
2017/11/25 14:24:37 [http.go:137][I] outcoming response to  127.0.0.1:9090 PUT /api/v1/clusters/c2a523625ba526a7/namespaces/huangjia/services/demo/start map[] 200 138.359239ms
2017/11/25 14:25:19 [http.go:81][I] PUT /api/v1/clusters/c2a523625ba526a7/namespaces/huangjia/services/demo/redeploy HTTP/1.1
Host: 127.0.0.1:9090
Accept: */*
Accept-Encoding: gzip, deflate
Cache-Control: no-cache
Connection: keep-alive
Content-Length: 375
Content-Type: application/json
Cookie: tenxcloud-api-server=7865c2d229584226229e0196a0fe3735
Postman-Token: ee82e93a-b029-4c70-b412-b27cc6425839
User-Agent: PostmanRuntime/6.1.6

{
  "name": "nginx",
  "nameSpace": "huangjia",
  "description": "test app",
  "services": [
    {
      "name": "demo",
      "image": "nginx:latest",
      "instanceCount": 1,
      "type": 0,
      "cpu": "256m",
      "memory": "256Mi",
      "ports": [
        {
          "protocol": "TCP",
          "port": 80,
          "targetPort": 80
        }
      ]
    }
  ]
}
2017/11/25 14:25:19 [http.go:85][I] incoming PUT /api/v1/clusters/c2a523625ba526a7/namespaces/huangjia/services/demo/redeploy request from 127.0.0.1:9090
2017/11/25 14:25:19 [http.go:137][I] outcoming response to  127.0.0.1:9090 PUT /api/v1/clusters/c2a523625ba526a7/namespaces/huangjia/services/demo/redeploy map[] 200 133.482984ms
2017/11/25 15:43:49 [server.go:60][I] starting apiserver and listen on : 0.0.0.0:9090
2017/11/25 16:27:42 [server.go:61][I] starting apiserver and listen on : 0.0.0.0:9090
2017/11/25 16:27:51 [server.go:61][I] starting apiserver and listen on : 0.0.0.0:9090
2017/11/25 16:29:50 [server.go:61][I] starting apiserver and listen on : 0.0.0.0:9090
2017/11/25 16:31:47 [server.go:61][I] starting apiserver and listen on : 0.0.0.0:9090
2017/11/25 16:35:49 [server.go:61][I] starting apiserver and listen on : 0.0.0.0:9090
2017/11/25 16:38:10 [server.go:61][I] starting apiserver and listen on : 0.0.0.0:9090
2017/11/25 16:40:20 [http.go:81][I] POST /api/v1/clusters/c2a523625ba526a7/namespaces/huangjia/configs HTTP/1.1
Host: 127.0.0.1:9090
Accept: */*
Accept-Encoding: gzip, deflate
Cache-Control: no-cache
Connection: keep-alive
Content-Length: 18
Content-Type: application/json
Cookie: tenxcloud-api-server=7865c2d229584226229e0196a0fe3735
Postman-Token: b46808de-d684-4a6a-9d89-cb3499dbe48c
User-Agent: PostmanRuntime/6.1.6

{
	"name":"test"
}
2017/11/25 16:40:20 [http.go:85][I] incoming POST /api/v1/clusters/c2a523625ba526a7/namespaces/huangjia/configs request from 127.0.0.1:9090
2017/11/25 16:40:21 [http.go:137][I] outcoming response to  127.0.0.1:9090 POST /api/v1/clusters/c2a523625ba526a7/namespaces/huangjia/configs 200 215.228267ms
2017/11/25 16:41:08 [http.go:81][I] GET /api/v1/clusters/c2a523625ba526a7/namespaces/huangjia/configs HTTP/1.1
Host: 127.0.0.1:9090
Accept: */*
Accept-Encoding: gzip, deflate
Cache-Control: no-cache
Connection: keep-alive
Content-Type: application/json
Cookie: tenxcloud-api-server=7865c2d229584226229e0196a0fe3735
Postman-Token: 74cbb1b6-619b-48aa-a7f9-8fa39201fbbf
User-Agent: PostmanRuntime/6.1.6


2017/11/25 16:41:08 [http.go:85][I] incoming GET /api/v1/clusters/c2a523625ba526a7/namespaces/huangjia/configs request from 127.0.0.1:9090
2017/11/25 16:41:08 [http.go:137][I] outcoming response to  127.0.0.1:9090 GET /api/v1/clusters/c2a523625ba526a7/namespaces/huangjia/configs 200 24.048361ms
2017/11/25 16:43:24 [http.go:81][I] PUT /api/v1/clusters/c2a523625ba526a7/namespaces/huangjia/configs/test HTTP/1.1
Host: 127.0.0.1:9090
Accept: */*
Accept-Encoding: gzip, deflate
Cache-Control: no-cache
Connection: keep-alive
Content-Length: 69
Content-Type: application/json
Cookie: tenxcloud-api-server=7865c2d229584226229e0196a0fe3735
Postman-Token: 86592b27-1da9-4898-9c44-3fa205629554
User-Agent: PostmanRuntime/6.1.6

{
	"name":"test",
	"data":{
		"name":"asdasd",
		"key":"vdfvfvf"
	}
}
2017/11/25 16:43:24 [http.go:85][I] incoming PUT /api/v1/clusters/c2a523625ba526a7/namespaces/huangjia/configs/test request from 127.0.0.1:9090
2017/11/25 16:47:11 [http.go:81][I] PUT /api/v1/clusters/c2a523625ba526a7/namespaces/huangjia/configs/test HTTP/1.1
Host: 127.0.0.1:9090
Accept: */*
Accept-Encoding: gzip, deflate
Cache-Control: no-cache
Connection: keep-alive
Content-Length: 112
Content-Type: application/json
Cookie: tenxcloud-api-server=7865c2d229584226229e0196a0fe3735
Postman-Token: aecbe698-2f07-40b3-986a-f66d05afb54c
User-Agent: PostmanRuntime/6.1.6

{
         "name": "test",
         "data": {
             "key": "123",
             "key2": "123"
         }
}
2017/11/25 16:47:11 [http.go:85][I] incoming PUT /api/v1/clusters/c2a523625ba526a7/namespaces/huangjia/configs/test request from 127.0.0.1:9090
2017/11/25 16:47:23 [server.go:61][I] starting apiserver and listen on : 0.0.0.0:9090
2017/11/25 16:47:25 [http.go:81][I] PUT /api/v1/clusters/c2a523625ba526a7/namespaces/huangjia/configs/test HTTP/1.1
Host: 127.0.0.1:9090
Accept: */*
Accept-Encoding: gzip, deflate
Cache-Control: no-cache
Connection: keep-alive
Content-Length: 112
Content-Type: application/json
Cookie: tenxcloud-api-server=7865c2d229584226229e0196a0fe3735
Postman-Token: e3f52855-92c0-451e-98c2-96f1907341d1
User-Agent: PostmanRuntime/6.1.6

{
         "name": "test",
         "data": {
             "key": "123",
             "key2": "123"
         }
}
2017/11/25 16:47:25 [http.go:85][I] incoming PUT /api/v1/clusters/c2a523625ba526a7/namespaces/huangjia/configs/test request from 127.0.0.1:9090
2017/11/25 16:49:17 [server.go:61][I] starting apiserver and listen on : 0.0.0.0:9090
2017/11/25 16:49:19 [http.go:81][I] PUT /api/v1/clusters/c2a523625ba526a7/namespaces/huangjia/configs/test HTTP/1.1
Host: 127.0.0.1:9090
Accept: */*
Accept-Encoding: gzip, deflate
Cache-Control: no-cache
Connection: keep-alive
Content-Length: 112
Content-Type: application/json
Cookie: tenxcloud-api-server=7865c2d229584226229e0196a0fe3735
Postman-Token: 6db91894-6ed8-4869-9c97-d2af611ba727
User-Agent: PostmanRuntime/6.1.6

{
         "name": "test",
         "data": {
             "key": "123",
             "key2": "123"
         }
}
2017/11/25 16:49:19 [http.go:85][I] incoming PUT /api/v1/clusters/c2a523625ba526a7/namespaces/huangjia/configs/test request from 127.0.0.1:9090
2017/11/25 16:51:40 [server.go:61][I] starting apiserver and listen on : 0.0.0.0:9090
2017/11/25 16:55:09 [server.go:61][I] starting apiserver and listen on : 0.0.0.0:9090
2017/11/25 16:55:16 [http.go:81][I] PUT /api/v1/clusters/c2a523625ba526a7/namespaces/huangjia/configs/test HTTP/1.1
Host: 127.0.0.1:9090
Accept: */*
Accept-Encoding: gzip, deflate
Cache-Control: no-cache
Connection: keep-alive
Content-Length: 112
Content-Type: application/json
Cookie: tenxcloud-api-server=7865c2d229584226229e0196a0fe3735
Postman-Token: 69f99f95-3e59-4335-9d7f-ecf21fe363dc
User-Agent: PostmanRuntime/6.1.6

{
         "name": "test",
         "data": {
             "key": "123",
             "key2": "123"
         }
}
2017/11/25 16:55:16 [http.go:85][I] incoming PUT /api/v1/clusters/c2a523625ba526a7/namespaces/huangjia/configs/test request from 127.0.0.1:9090
2017/11/25 16:55:17 [http.go:137][I] outcoming response to  127.0.0.1:9090 PUT /api/v1/clusters/c2a523625ba526a7/namespaces/huangjia/configs/test map[] 200 725.110492ms
2017/11/25 16:57:48 [server.go:61][I] starting apiserver and listen on : 0.0.0.0:9090
2017/11/25 16:57:52 [http.go:81][I] PUT /api/v1/clusters/c2a523625ba526a7/namespaces/huangjia/configs/test HTTP/1.1
Host: 127.0.0.1:9090
Accept: */*
Accept-Encoding: gzip, deflate
Cache-Control: no-cache
Connection: keep-alive
Content-Length: 59
Content-Type: application/json
Cookie: tenxcloud-api-server=7865c2d229584226229e0196a0fe3735
Postman-Token: 2d8da643-b707-4637-9a20-6e683f128c26
User-Agent: PostmanRuntime/6.1.6

{
             "key3": "123",
             "key4": "123"
}

2017/11/25 16:57:52 [http.go:85][I] incoming PUT /api/v1/clusters/c2a523625ba526a7/namespaces/huangjia/configs/test request from 127.0.0.1:9090
2017/11/25 16:57:52 [http.go:137][I] outcoming response to  127.0.0.1:9090 PUT /api/v1/clusters/c2a523625ba526a7/namespaces/huangjia/configs/test map[] 200 131.345306ms
2017/11/25 16:58:19 [http.go:81][I] POST /api/v1/clusters/c2a523625ba526a7/namespaces/huangjia/configs/test HTTP/1.1
Host: 127.0.0.1:9090
Accept: */*
Accept-Encoding: gzip, deflate
Cache-Control: no-cache
Connection: keep-alive
Content-Length: 59
Content-Type: application/json
Cookie: tenxcloud-api-server=7865c2d229584226229e0196a0fe3735
Postman-Token: f29d8b74-4655-482f-bf1e-4e17928e3a73
User-Agent: PostmanRuntime/6.1.6

{
             "key3": "123",
             "key4": "123"
}

2017/11/25 16:58:19 [http.go:85][I] incoming POST /api/v1/clusters/c2a523625ba526a7/namespaces/huangjia/configs/test request from 127.0.0.1:9090
2017/11/25 16:58:19 [http.go:137][I] outcoming response to  127.0.0.1:9090 POST /api/v1/clusters/c2a523625ba526a7/namespaces/huangjia/configs/test 400 6.937µs
2017/11/25 16:59:42 [http.go:81][I] POST /api/v1/clusters/c2a523625ba526a7/namespaces/huangjia/configs/test HTTP/1.1
Host: 127.0.0.1:9090
Accept: */*
Accept-Encoding: gzip, deflate
Cache-Control: no-cache
Connection: keep-alive
Content-Length: 58
Content-Type: application/json
Cookie: tenxcloud-api-server=7865c2d229584226229e0196a0fe3735
Postman-Token: fe5c847a-1aaa-49f2-86c4-449bd23e009b
User-Agent: PostmanRuntime/6.1.6

{
             "key4": "123",
             "key3": "123"
}
2017/11/25 16:59:42 [http.go:85][I] incoming POST /api/v1/clusters/c2a523625ba526a7/namespaces/huangjia/configs/test request from 127.0.0.1:9090
2017/11/25 16:59:42 [http.go:137][I] outcoming response to  127.0.0.1:9090 POST /api/v1/clusters/c2a523625ba526a7/namespaces/huangjia/configs/test 400 6.783µs
2017/11/25 17:00:19 [server.go:61][I] starting apiserver and listen on : 0.0.0.0:9090
2017/11/25 17:00:20 [http.go:81][I] POST /api/v1/clusters/c2a523625ba526a7/namespaces/huangjia/configs/test HTTP/1.1
Host: 127.0.0.1:9090
Accept: */*
Accept-Encoding: gzip, deflate
Cache-Control: no-cache
Connection: keep-alive
Content-Length: 58
Content-Type: application/json
Cookie: tenxcloud-api-server=7865c2d229584226229e0196a0fe3735
Postman-Token: fefeb07b-433c-4460-94e1-7de81e07d28a
User-Agent: PostmanRuntime/6.1.6

{
             "key4": "123",
             "key3": "123"
}
2017/11/25 17:00:20 [http.go:85][I] incoming POST /api/v1/clusters/c2a523625ba526a7/namespaces/huangjia/configs/test request from 127.0.0.1:9090
2017/11/25 17:00:20 [http.go:137][I] outcoming response to  127.0.0.1:9090 POST /api/v1/clusters/c2a523625ba526a7/namespaces/huangjia/configs/test 200 115.48318ms
2017/11/25 17:08:51 [http.go:81][I] POST /api/v1/clusters/c2a523625ba526a7/namespaces/huangjia/configs/test HTTP/1.1
Host: 127.0.0.1:9090
Accept: */*
Accept-Encoding: gzip, deflate
Cache-Control: no-cache
Connection: keep-alive
Content-Length: 58
Content-Type: application/json
Cookie: tenxcloud-api-server=7865c2d229584226229e0196a0fe3735
Postman-Token: 18088de7-9bd4-4a21-95ff-dd95b6535c03
User-Agent: PostmanRuntime/6.1.6

{
             "key5": "123",
             "key6": "123"
}
2017/11/25 17:08:51 [http.go:85][I] incoming POST /api/v1/clusters/c2a523625ba526a7/namespaces/huangjia/configs/test request from 127.0.0.1:9090
2017/11/25 17:08:52 [http.go:137][I] outcoming response to  127.0.0.1:9090 POST /api/v1/clusters/c2a523625ba526a7/namespaces/huangjia/configs/test 200 923.874885ms
2017/11/25 17:09:20 [http.go:81][I] DELETE /api/v1/clusters/c2a523625ba526a7/namespaces/huangjia/apps/nginx HTTP/1.1
Host: 127.0.0.1:9090
Accept: */*
Accept-Encoding: gzip, deflate
Cache-Control: no-cache
Connection: keep-alive
Content-Length: 375
Content-Type: application/json
Cookie: tenxcloud-api-server=7865c2d229584226229e0196a0fe3735
Postman-Token: 9867de3d-4127-4d3c-a10e-4c7fbf99e139
User-Agent: PostmanRuntime/6.1.6

{
  "name": "nginx",
  "nameSpace": "huangjia",
  "description": "test app",
  "services": [
    {
      "name": "demo",
      "image": "nginx:latest",
      "instanceCount": 1,
      "type": 0,
      "cpu": "256m",
      "memory": "256Mi",
      "ports": [
        {
          "protocol": "TCP",
          "port": 80,
          "targetPort": 80
        }
      ]
    }
  ]
}
2017/11/25 17:09:20 [http.go:85][I] incoming DELETE /api/v1/clusters/c2a523625ba526a7/namespaces/huangjia/apps/nginx request from 127.0.0.1:9090
2017/11/25 17:09:20 [http.go:137][I] outcoming response to  127.0.0.1:9090 DELETE /api/v1/clusters/c2a523625ba526a7/namespaces/huangjia/apps/nginx map[] 200 187.518534ms
2017/11/25 17:10:32 [http.go:81][I] POST /api/v1/clusters/c2a523625ba526a7/namespaces/huangjia/apps HTTP/1.1
Host: 127.0.0.1:9090
Accept: */*
Accept-Encoding: gzip, deflate
Cache-Control: no-cache
Connection: keep-alive
Content-Length: 375
Content-Type: application/json
Cookie: tenxcloud-api-server=7865c2d229584226229e0196a0fe3735
Postman-Token: e25c1488-ce32-4ad3-99b0-f629ab37e5af
User-Agent: PostmanRuntime/6.1.6

{
  "name": "nginx",
  "nameSpace": "huangjia",
  "description": "test app",
  "services": [
    {
      "name": "demo",
      "image": "nginx:latest",
      "instanceCount": 1,
      "type": 0,
      "cpu": "256m",
      "memory": "256Mi",
      "ports": [
        {
          "protocol": "TCP",
          "port": 80,
          "targetPort": 80
        }
      ]
    }
  ]
}
2017/11/25 17:10:32 [http.go:85][I] incoming POST /api/v1/clusters/c2a523625ba526a7/namespaces/huangjia/apps request from 127.0.0.1:9090
2017/11/25 17:10:33 [http.go:137][I] outcoming response to  127.0.0.1:9090 POST /api/v1/clusters/c2a523625ba526a7/namespaces/huangjia/apps 200 519.418781ms
2017/11/25 21:40:50 [server.go:62][I] starting apiserver and listen on : 0.0.0.0:9090
2017/11/25 21:40:56 [server.go:62][I] starting apiserver and listen on : 0.0.0.0:9090
2017/11/25 21:41:04 [server.go:62][I] starting apiserver and listen on : 0.0.0.0:9090
2017/11/26 21:24:38 [server.go:63][I] starting apiserver and listen on : 0.0.0.0:9090
2017/11/30 15:13:22 [server.go:63][I] starting apiserver and listen on : 0.0.0.0:9090
2017/11/30 15:14:58 [server.go:63][I] starting apiserver and listen on : 0.0.0.0:9090
2017/11/30 15:42:06 [server.go:63][I] starting apiserver and listen on : 0.0.0.0:9090
2017/11/30 15:51:44 [http.go:81][I] GET /api/v1/clusters/c2a523625ba526a7/namespaces/huangjia/configs HTTP/1.1
Host: 127.0.0.1:9090
Accept: */*
Accept-Encoding: gzip, deflate
Cache-Control: no-cache
Connection: keep-alive
Content-Type: application/json
Cookie: tenxcloud-api-server=7865c2d229584226229e0196a0fe3735
Postman-Token: 5d8f8e1c-66fd-49a7-8837-42bf19b73503
User-Agent: PostmanRuntime/6.1.6


2017/11/30 15:51:44 [http.go:85][I] incoming GET /api/v1/clusters/c2a523625ba526a7/namespaces/huangjia/configs request from 127.0.0.1:9090
2017/11/30 15:51:45 [http.go:137][I] outcoming response to  127.0.0.1:9090 GET /api/v1/clusters/c2a523625ba526a7/namespaces/huangjia/configs 200 99.134861ms
2017/11/30 15:54:24 [http.go:81][I] GET /api/v1/clusters/c2a523625ba526a7/namespaces/huangjia/configs HTTP/1.1
Host: 127.0.0.1:9090
Accept: */*
Accept-Encoding: gzip, deflate
Cache-Control: no-cache
Connection: keep-alive
Content-Type: application/json
Cookie: tenxcloud-api-server=7865c2d229584226229e0196a0fe3735
Postman-Token: c8e301ef-0e04-4577-9c9c-f8fff0aae960
User-Agent: PostmanRuntime/6.4.1


2017/11/30 15:54:24 [http.go:85][I] incoming GET /api/v1/clusters/c2a523625ba526a7/namespaces/huangjia/configs request from 127.0.0.1:9090
2017/11/30 15:54:24 [http.go:137][I] outcoming response to  127.0.0.1:9090 GET /api/v1/clusters/c2a523625ba526a7/namespaces/huangjia/configs 200 21.689328ms
2017/11/30 15:56:05 [http.go:81][I] GET /api/v1/clusters/c2a523625ba526a7/namespaces/huangjia/containers HTTP/1.1
Host: 127.0.0.1:9090
Accept: */*
Accept-Encoding: gzip, deflate
Cache-Control: no-cache
Connection: keep-alive
Cookie: tenxcloud-api-server=7865c2d229584226229e0196a0fe3735
Postman-Token: 73f8fe68-99ef-4929-8aa2-3efc3d4fbe88
User-Agent: PostmanRuntime/6.4.1


2017/11/30 15:56:05 [http.go:85][I] incoming GET /api/v1/clusters/c2a523625ba526a7/namespaces/huangjia/containers request from 127.0.0.1:9090
2017/11/30 15:56:05 [http.go:137][I] outcoming response to  127.0.0.1:9090 GET /api/v1/clusters/c2a523625ba526a7/namespaces/huangjia/containers 200 50.490235ms
2017/11/30 15:57:39 [http.go:81][I] GET /api/v1/clusters/c2a523625ba526a7/namespaces/huangjia/containers/demo-148048587-w0cvf/process HTTP/1.1
Host: 127.0.0.1:9090
Accept: */*
Accept-Encoding: gzip, deflate
Cache-Control: no-cache
Connection: keep-alive
Cookie: tenxcloud-api-server=7865c2d229584226229e0196a0fe3735
Postman-Token: ba7b608f-6b76-4556-bdb7-6a150002b374
User-Agent: PostmanRuntime/6.4.1


2017/11/30 15:57:39 [http.go:85][I] incoming GET /api/v1/clusters/c2a523625ba526a7/namespaces/huangjia/containers/demo-148048587-w0cvf/process request from 127.0.0.1:9090
2017/11/30 15:57:39 [http.go:137][I] outcoming response to  127.0.0.1:9090 GET /api/v1/clusters/c2a523625ba526a7/namespaces/huangjia/containers/demo-148048587-w0cvf/process 500 58.552818ms
2017/11/30 15:58:06 [http.go:81][I] GET /api/v1/clusters/c2a523625ba526a7/namespaces/huangjia/containers/demo-148048587-w0cvf/process HTTP/1.1
Host: 127.0.0.1:9090
Accept: */*
Accept-Encoding: gzip, deflate
Cache-Control: no-cache
Connection: keep-alive
Cookie: tenxcloud-api-server=7865c2d229584226229e0196a0fe3735
Postman-Token: e0dec2e7-1562-4c7a-a0f5-dae3c69e46dc
User-Agent: PostmanRuntime/6.4.1


2017/11/30 15:58:06 [http.go:85][I] incoming GET /api/v1/clusters/c2a523625ba526a7/namespaces/huangjia/containers/demo-148048587-w0cvf/process request from 127.0.0.1:9090
2017/11/30 15:58:06 [http.go:137][I] outcoming response to  127.0.0.1:9090 GET /api/v1/clusters/c2a523625ba526a7/namespaces/huangjia/containers/demo-148048587-w0cvf/process 500 58.847849ms
2017/11/30 16:00:26 [server.go:63][I] starting apiserver and listen on : 0.0.0.0:9090
2017/11/30 16:00:32 [http.go:81][I] GET /api/v1/clusters/c2a523625ba526a7/namespaces/huangjia/containers/demo-148048587-w0cvf/process HTTP/1.1
Host: 127.0.0.1:9090
Accept: */*
Accept-Encoding: gzip, deflate
Cache-Control: no-cache
Connection: keep-alive
Cookie: tenxcloud-api-server=7865c2d229584226229e0196a0fe3735
Postman-Token: db77880e-5321-4191-ae7d-dc84838455ee
User-Agent: PostmanRuntime/6.4.1


2017/11/30 16:00:32 [http.go:85][I] incoming GET /api/v1/clusters/c2a523625ba526a7/namespaces/huangjia/containers/demo-148048587-w0cvf/process request from 127.0.0.1:9090
2017/11/30 16:00:32 [http.go:137][I] outcoming response to  127.0.0.1:9090 GET /api/v1/clusters/c2a523625ba526a7/namespaces/huangjia/containers/demo-148048587-w0cvf/process 500 160.154916ms
2017/11/30 16:02:25 [server.go:63][I] starting apiserver and listen on : 0.0.0.0:9090
2017/11/30 16:02:29 [http.go:81][I] GET /api/v1/clusters/c2a523625ba526a7/namespaces/huangjia/containers/demo-148048587-w0cvf/process HTTP/1.1
Host: 127.0.0.1:9090
Accept: */*
Accept-Encoding: gzip, deflate
Cache-Control: no-cache
Connection: keep-alive
Cookie: tenxcloud-api-server=7865c2d229584226229e0196a0fe3735
Postman-Token: 51ba4ef4-3ee4-48ab-8ed2-6096b30007b1
User-Agent: PostmanRuntime/6.4.1


2017/11/30 16:02:29 [http.go:85][I] incoming GET /api/v1/clusters/c2a523625ba526a7/namespaces/huangjia/containers/demo-148048587-w0cvf/process request from 127.0.0.1:9090
2017/11/30 16:02:29 [http.go:137][I] outcoming response to  127.0.0.1:9090 GET /api/v1/clusters/c2a523625ba526a7/namespaces/huangjia/containers/demo-148048587-w0cvf/process 500 159.572723ms
2017/11/30 16:05:37 [server.go:63][I] starting apiserver and listen on : 0.0.0.0:9090
2017/11/30 16:05:42 [http.go:81][I] GET /api/v1/clusters/c2a523625ba526a7/namespaces/huangjia/containers/demo-148048587-w0cvf/process HTTP/1.1
Host: 127.0.0.1:9090
Accept: */*
Accept-Encoding: gzip, deflate
Cache-Control: no-cache
Connection: keep-alive
Cookie: tenxcloud-api-server=7865c2d229584226229e0196a0fe3735
Postman-Token: 97298ee3-d8c5-4bab-bdd2-16aa47498f43
User-Agent: PostmanRuntime/6.4.1


2017/11/30 16:05:42 [http.go:85][I] incoming GET /api/v1/clusters/c2a523625ba526a7/namespaces/huangjia/containers/demo-148048587-w0cvf/process request from 127.0.0.1:9090
2017/11/30 16:05:43 [http.go:137][I] outcoming response to  127.0.0.1:9090 GET /api/v1/clusters/c2a523625ba526a7/namespaces/huangjia/containers/demo-148048587-w0cvf/process 200 439.935829ms
2017/11/30 16:07:26 [http.go:81][I] GET /api/v1/clusters/c2a523625ba526a7/namespaces/huangjia/containers/demo-148048587-w0cvf/logs HTTP/1.1
Host: 127.0.0.1:9090
Accept: */*
Accept-Encoding: gzip, deflate
Cache-Control: no-cache
Connection: keep-alive
Cookie: tenxcloud-api-server=7865c2d229584226229e0196a0fe3735
Postman-Token: 71c7d501-84a5-468d-8e24-3c6539688e06
User-Agent: PostmanRuntime/6.4.1


2017/11/30 16:07:26 [http.go:85][I] incoming GET /api/v1/clusters/c2a523625ba526a7/namespaces/huangjia/containers/demo-148048587-w0cvf/logs request from 127.0.0.1:9090
2017/11/30 16:07:26 [http.go:137][I] outcoming response to  127.0.0.1:9090 GET /api/v1/clusters/c2a523625ba526a7/namespaces/huangjia/containers/demo-148048587-w0cvf/logs 200 212.819012ms
2017/11/30 16:08:21 [http.go:81][I] GET /api/v1/clusters/c2a523625ba526a7/namespaces/huangjia/containers/demo-148048587-w0cvf/logs HTTP/1.1
Host: 127.0.0.1:9090
Accept: */*
Accept-Encoding: gzip, deflate
Cache-Control: no-cache
Connection: keep-alive
Cookie: tenxcloud-api-server=7865c2d229584226229e0196a0fe3735
Postman-Token: 233cce92-9119-4eeb-b2d9-b06f450d007f
User-Agent: PostmanRuntime/6.4.1


2017/11/30 16:08:21 [http.go:85][I] incoming GET /api/v1/clusters/c2a523625ba526a7/namespaces/huangjia/containers/demo-148048587-w0cvf/logs request from 127.0.0.1:9090
2017/11/30 16:08:21 [http.go:137][I] outcoming response to  127.0.0.1:9090 GET /api/v1/clusters/c2a523625ba526a7/namespaces/huangjia/containers/demo-148048587-w0cvf/logs 200 43.155369ms
2017/11/30 16:10:11 [server.go:63][I] starting apiserver and listen on : 0.0.0.0:9090
2017/11/30 16:10:15 [http.go:81][I] GET /api/v1/clusters/c2a523625ba526a7/namespaces/huangjia/containers/demo-148048587-w0cvf/logs HTTP/1.1
Host: 127.0.0.1:9090
Accept: */*
Accept-Encoding: gzip, deflate
Cache-Control: no-cache
Connection: keep-alive
Cookie: tenxcloud-api-server=7865c2d229584226229e0196a0fe3735
Postman-Token: 7ee14c8f-e9fd-424d-89df-c633c549b02d
User-Agent: PostmanRuntime/6.4.1


2017/11/30 16:10:15 [http.go:85][I] incoming GET /api/v1/clusters/c2a523625ba526a7/namespaces/huangjia/containers/demo-148048587-w0cvf/logs request from 127.0.0.1:9090
2017/11/30 16:10:15 [http.go:137][I] outcoming response to  127.0.0.1:9090 GET /api/v1/clusters/c2a523625ba526a7/namespaces/huangjia/containers/demo-148048587-w0cvf/logs 200 156.629053ms
2017/11/30 16:10:43 [http.go:81][I] GET /api/v1/clusters/c2a523625ba526a7/namespaces/huangjia/containers/demo-148048587-w0cvf/logs HTTP/1.1
Host: 127.0.0.1:9090
Accept: */*
Accept-Encoding: gzip, deflate
Cache-Control: no-cache
Connection: keep-alive
Cookie: tenxcloud-api-server=7865c2d229584226229e0196a0fe3735
Postman-Token: 0349e151-1a52-439a-acb2-dce15b528034
User-Agent: PostmanRuntime/6.4.1


2017/11/30 16:10:43 [http.go:85][I] incoming GET /api/v1/clusters/c2a523625ba526a7/namespaces/huangjia/containers/demo-148048587-w0cvf/logs request from 127.0.0.1:9090
2017/11/30 16:10:43 [http.go:137][I] outcoming response to  127.0.0.1:9090 GET /api/v1/clusters/c2a523625ba526a7/namespaces/huangjia/containers/demo-148048587-w0cvf/logs 200 71.066245ms
2017/11/30 16:10:49 [http.go:81][I] GET /api/v1/clusters/c2a523625ba526a7/namespaces/huangjia/containers/demo-148048587-w0cvf/logs HTTP/1.1
Host: 127.0.0.1:9090
Accept: */*
Accept-Encoding: gzip, deflate
Cache-Control: no-cache
Connection: keep-alive
Cookie: tenxcloud-api-server=7865c2d229584226229e0196a0fe3735
Postman-Token: cadb396a-fbb5-4af6-bf4b-4f6ee32605c1
User-Agent: PostmanRuntime/6.4.1


2017/11/30 16:10:49 [http.go:85][I] incoming GET /api/v1/clusters/c2a523625ba526a7/namespaces/huangjia/containers/demo-148048587-w0cvf/logs request from 127.0.0.1:9090
2017/11/30 16:10:49 [http.go:137][I] outcoming response to  127.0.0.1:9090 GET /api/v1/clusters/c2a523625ba526a7/namespaces/huangjia/containers/demo-148048587-w0cvf/logs 200 90.991334ms
2017/11/30 16:10:54 [http.go:81][I] GET /api/v1/clusters/c2a523625ba526a7/namespaces/huangjia/containers/demo-148048587-w0cvf/logs HTTP/1.1
Host: 127.0.0.1:9090
Accept: */*
Accept-Encoding: gzip, deflate
Cache-Control: no-cache
Connection: keep-alive
Cookie: tenxcloud-api-server=7865c2d229584226229e0196a0fe3735
Postman-Token: 86e23e0a-04aa-40d3-af56-78b0b79a9fa7
User-Agent: PostmanRuntime/6.4.1


2017/11/30 16:10:54 [http.go:85][I] incoming GET /api/v1/clusters/c2a523625ba526a7/namespaces/huangjia/containers/demo-148048587-w0cvf/logs request from 127.0.0.1:9090
2017/11/30 16:10:55 [http.go:137][I] outcoming response to  127.0.0.1:9090 GET /api/v1/clusters/c2a523625ba526a7/namespaces/huangjia/containers/demo-148048587-w0cvf/logs 200 56.33498ms
2017/11/30 16:11:45 [http.go:81][I] GET /api/v1/clusters/c2a523625ba526a7/namespaces/huangjia/containers/demo-148048587-w0cvf/events HTTP/1.1
Host: 127.0.0.1:9090
Accept: */*
Accept-Encoding: gzip, deflate
Cache-Control: no-cache
Connection: keep-alive
Cookie: tenxcloud-api-server=7865c2d229584226229e0196a0fe3735
Postman-Token: 2af2e08b-d8f2-4ff4-934a-91c23e364859
User-Agent: PostmanRuntime/6.4.1


2017/11/30 16:11:45 [http.go:85][I] incoming GET /api/v1/clusters/c2a523625ba526a7/namespaces/huangjia/containers/demo-148048587-w0cvf/events request from 127.0.0.1:9090
2017/11/30 16:11:45 [http.go:137][I] outcoming response to  127.0.0.1:9090 GET /api/v1/clusters/c2a523625ba526a7/namespaces/huangjia/containers/demo-148048587-w0cvf/events 200 23.36633ms
2017/11/30 16:40:36 [server.go:64][I] starting apiserver and listen on : 0.0.0.0:9090
2017/11/30 16:40:43 [http.go:81][I] GET /api/v1/clusters/c2a523625ba526a7/namespaces/huangjia/containers/demo-148048587-w0cvf/cpu/usage HTTP/1.1
Host: 127.0.0.1:9090
Accept: */*
Accept-Encoding: gzip, deflate
Cache-Control: no-cache
Connection: keep-alive
Cookie: tenxcloud-api-server=7865c2d229584226229e0196a0fe3735
Postman-Token: 995a71f7-730b-4f84-8dd0-6fce8d84a3ad
User-Agent: PostmanRuntime/6.4.1


2017/11/30 16:40:43 [http.go:85][I] incoming GET /api/v1/clusters/c2a523625ba526a7/namespaces/huangjia/containers/demo-148048587-w0cvf/cpu/usage request from 127.0.0.1:9090
2017/11/30 16:40:43 [metric.go:45][I] http://10.39.1.44:30003/api/v1/model/namespaces/huangjia/pods/demo-148048587-w0cvf/metrics/cpu/usage
2017/11/30 16:40:43 [metric.go:47][I] Creating remote Heapster client for http://10.39.1.44:30003
2017/11/30 16:40:43 [http.go:137][I] outcoming response to  127.0.0.1:9090 GET /api/v1/clusters/c2a523625ba526a7/namespaces/huangjia/containers/demo-148048587-w0cvf/cpu/usage 500 22.277016ms
2017/11/30 16:42:13 [http.go:81][I] GET /api/v1/clusters/c2a523625ba526a7/namespaces/huangjia/containers/demo-148048587-w0cvf/cpu/usage HTTP/1.1
Host: 127.0.0.1:9090
Accept: */*
Accept-Encoding: gzip, deflate
Cache-Control: no-cache
Connection: keep-alive
Cookie: tenxcloud-api-server=7865c2d229584226229e0196a0fe3735
Postman-Token: 5c86048f-54b2-4fc8-9cea-0523640c9874
User-Agent: PostmanRuntime/6.4.1


2017/11/30 16:42:13 [http.go:85][I] incoming GET /api/v1/clusters/c2a523625ba526a7/namespaces/huangjia/containers/demo-148048587-w0cvf/cpu/usage request from 127.0.0.1:9090
2017/11/30 16:42:13 [metric.go:45][I] http://10.39.1.44:30003/api/v1/model/namespaces/huangjia/pods/demo-148048587-w0cvf/metrics/cpu/usage
2017/11/30 16:42:13 [metric.go:47][I] Creating remote Heapster client for http://10.39.1.44:30003
2017/11/30 16:42:13 [http.go:137][I] outcoming response to  127.0.0.1:9090 GET /api/v1/clusters/c2a523625ba526a7/namespaces/huangjia/containers/demo-148048587-w0cvf/cpu/usage 500 26.773961ms
2017/11/30 16:43:17 [server.go:64][I] starting apiserver and listen on : 0.0.0.0:9090
2017/11/30 16:43:38 [http.go:81][I] GET /api/v1/clusters/c2a523625ba526a7/namespaces/huangjia/containers/demo-148048587-w0cvf/cpu/usage HTTP/1.1
Host: 127.0.0.1:9090
Accept: */*
Accept-Encoding: gzip, deflate
Cache-Control: no-cache
Connection: keep-alive
Cookie: tenxcloud-api-server=7865c2d229584226229e0196a0fe3735
Postman-Token: 210f7e57-3510-4562-aa02-f2f2d8a93038
User-Agent: PostmanRuntime/6.4.1


2017/11/30 16:43:38 [http.go:85][I] incoming GET /api/v1/clusters/c2a523625ba526a7/namespaces/huangjia/containers/demo-148048587-w0cvf/cpu/usage request from 127.0.0.1:9090
2017/11/30 16:43:38 [metric.go:45][I] http://10.39.1.44:30003/api/v1/model/namespaces/huangjia/pods/demo-148048587-w0cvf/metrics/cpu/usage
2017/11/30 16:43:38 [metric.go:47][I] Creating remote Heapster client for http://10.39.1.44:30003
2017/11/30 16:43:38 [http.go:137][I] outcoming response to  127.0.0.1:9090 GET /api/v1/clusters/c2a523625ba526a7/namespaces/huangjia/containers/demo-148048587-w0cvf/cpu/usage 500 37.87463ms
2017/11/30 16:43:49 [http.go:81][I] GET /api/v1/clusters/c2a523625ba526a7/namespaces/huangjia/containers/demo-148048587-w0cvf/cpu/usage HTTP/1.1
Host: 127.0.0.1:9090
Accept: */*
Accept-Encoding: gzip, deflate
Cache-Control: no-cache
Connection: keep-alive
Cookie: tenxcloud-api-server=7865c2d229584226229e0196a0fe3735
Postman-Token: c24aedfc-9a6b-4ef9-81ad-9c84acb69fd7
User-Agent: PostmanRuntime/6.4.1


2017/11/30 16:43:49 [http.go:85][I] incoming GET /api/v1/clusters/c2a523625ba526a7/namespaces/huangjia/containers/demo-148048587-w0cvf/cpu/usage request from 127.0.0.1:9090
2017/11/30 16:43:49 [metric.go:45][I] http://10.39.14.11:30003/api/v1/model/namespaces/huangjia/pods/demo-148048587-w0cvf/metrics/cpu/usage
2017/11/30 16:43:49 [metric.go:47][I] Creating remote Heapster client for http://10.39.14.11:30003
2017/11/30 16:43:49 [http.go:137][I] outcoming response to  127.0.0.1:9090 GET /api/v1/clusters/c2a523625ba526a7/namespaces/huangjia/containers/demo-148048587-w0cvf/cpu/usage 200 64.832132ms
2017/11/30 16:56:00 [server.go:64][I] starting apiserver and listen on : 0.0.0.0:9090
2017/12/02 18:25:42 [server.go:64][I] starting apiserver and listen on : 0.0.0.0:9090
2017/12/02 18:26:02 [http.go:81][I] GET /api/v1/clusters/c2a523625ba526a7/namespaces/huangjia/containers/demo-148048587-w0cvf/cpu/usage HTTP/1.1
Host: 127.0.0.1:9090
Accept: */*
Accept-Encoding: gzip, deflate
Cache-Control: no-cache
Cookie: tenxcloud-api-server=7865c2d229584226229e0196a0fe3735
Postman-Token: 19ccf2f2-d003-4690-86cd-1634bd32ba63
User-Agent: PostmanRuntime/6.4.1
X-Lantern-Version: 4.3.2


2017/12/02 18:26:02 [http.go:85][I] incoming GET /api/v1/clusters/c2a523625ba526a7/namespaces/huangjia/containers/demo-148048587-w0cvf/cpu/usage request from 127.0.0.1:9090
2017/12/02 18:26:02 [metric.go:45][I] http://10.39.14.11:30003/api/v1/model/namespaces/huangjia/pods/demo-148048587-w0cvf/metrics/cpu/usage
2017/12/02 18:26:02 [metric.go:47][I] Creating remote Heapster client for http://10.39.14.11:30003
2017/12/02 18:26:02 [http.go:137][I] outcoming response to  127.0.0.1:9090 GET /api/v1/clusters/c2a523625ba526a7/namespaces/huangjia/containers/demo-148048587-w0cvf/cpu/usage 200 40.186798ms
2017/12/02 18:26:17 [http.go:81][I] GET /api/v1/clusters/c2a523625ba526a7/namespaces/huangjia/configs HTTP/1.1
Host: 127.0.0.1:9090
Accept: */*
Accept-Encoding: gzip, deflate
Cache-Control: no-cache
Content-Type: application/json
Cookie: tenxcloud-api-server=7865c2d229584226229e0196a0fe3735
Postman-Token: 982117bf-cdfa-48dd-bc76-c66a17f1adf3
User-Agent: PostmanRuntime/6.4.1
X-Lantern-Version: 4.3.2


2017/12/02 18:26:17 [http.go:85][I] incoming GET /api/v1/clusters/c2a523625ba526a7/namespaces/huangjia/configs request from 127.0.0.1:9090
2017/12/02 18:26:17 [http.go:137][I] outcoming response to  127.0.0.1:9090 GET /api/v1/clusters/c2a523625ba526a7/namespaces/huangjia/configs 200 89.96972ms
2017/12/02 18:27:37 [http.go:81][I] GET /api/v1/clusters/c2a523625ba526a7/namespaces/huangjia/services HTTP/1.1
Host: 127.0.0.1:9090
Accept: */*
Accept-Encoding: gzip, deflate
Cache-Control: no-cache
Content-Type: application/json
Cookie: tenxcloud-api-server=7865c2d229584226229e0196a0fe3735
Postman-Token: e4423a40-66af-4518-b2c0-c5b6c2c3a464
User-Agent: PostmanRuntime/6.4.1
X-Lantern-Version: 4.3.2


2017/12/02 18:27:37 [http.go:85][I] incoming GET /api/v1/clusters/c2a523625ba526a7/namespaces/huangjia/services request from 127.0.0.1:9090
2017/12/02 18:27:37 [http.go:137][I] outcoming response to  127.0.0.1:9090 GET /api/v1/clusters/c2a523625ba526a7/namespaces/huangjia/services 200 82.528265ms
2017/12/02 18:27:54 [http.go:81][I] GET /api/v1/clusters/c2a523625ba526a7/namespaces/huangjia/services HTTP/1.1
Host: 127.0.0.1:9090
Accept: */*
Accept-Encoding: gzip, deflate
Cache-Control: no-cache
Cookie: tenxcloud-api-server=7865c2d229584226229e0196a0fe3735
Postman-Token: 258b431b-7192-4060-9883-c055cb271e38
User-Agent: PostmanRuntime/6.4.1
X-Lantern-Version: 4.3.2


2017/12/02 18:27:54 [http.go:85][I] incoming GET /api/v1/clusters/c2a523625ba526a7/namespaces/huangjia/services request from 127.0.0.1:9090
2017/12/02 18:27:54 [http.go:137][I] outcoming response to  127.0.0.1:9090 GET /api/v1/clusters/c2a523625ba526a7/namespaces/huangjia/services 200 43.503091ms
2017/12/02 18:43:51 [http.go:81][I] GET /api/v1/clusters/c2a523625ba526a7/namespaces/huangjia/services HTTP/1.1
Host: 127.0.0.1:9090
Accept: */*
Accept-Encoding: gzip, deflate
Cache-Control: no-cache
Cookie: tenxcloud-api-server=7865c2d229584226229e0196a0fe3735
Postman-Token: 0b07156f-7562-4cab-b4e6-8c8c8d583a85
User-Agent: PostmanRuntime/6.4.1
X-Lantern-Version: 4.3.2


2017/12/02 18:43:51 [http.go:85][I] incoming GET /api/v1/clusters/c2a523625ba526a7/namespaces/huangjia/services request from 127.0.0.1:9090
2017/12/02 18:43:51 [http.go:137][I] outcoming response to  127.0.0.1:9090 GET /api/v1/clusters/c2a523625ba526a7/namespaces/huangjia/services 200 46.575915ms
2017/12/09 22:45:32 [server.go:64][I] starting apiserver and listen on : 0.0.0.0:9090
